Using pre-set license

 COMMAND LINE ARGUMENTS:
/Applications/Unity/Hub/Editor/2020.2.2f1/Unity.app/Contents/MacOS/Unity
-adb2
-batchMode
-noUpm
-name
AssetImportWorker0
-projectPath
/Users/tvitoux/42/unity/Pisc-unity/d00/ex02
-logFile
Logs/AssetImportWorker0.log
-srvPort
59741
Successfully changed project path to: /Users/tvitoux/42/unity/Pisc-unity/d00/ex02
/Users/tvitoux/42/unity/Pisc-unity/d00/ex02
Using Asset Import Pipeline V2.
Refreshing native plugins compatible for Editor in 32.83 ms, found 1 plugins.
Preloading 0 native plugins for Editor in 0.00 ms.
Initialize engine version: 2020.2.2f1 (068178b99f32)
[Subsystems] Discovering subsystems at path /Applications/Unity/Hub/Editor/2020.2.2f1/Unity.app/Contents/Resources/UnitySubsystems
[Subsystems] Discovering subsystems at path /Users/tvitoux/42/unity/Pisc-unity/d00/ex02/Assets
GfxDevice: creating device client; threaded=0
2021-02-24 19:13:30.780 Unity[12200:460421] iMac preferred device: Intel Iris Pro Graphics (low power)
2021-02-24 19:13:30.780 Unity[12200:460421] Metal devices available: 1
2021-02-24 19:13:30.780 Unity[12200:460421] 0: Intel Iris Pro Graphics (low power)
2021-02-24 19:13:30.781 Unity[12200:460421] Using device Intel Iris Pro Graphics (low power)
Initializing Metal device caps: Intel Iris Pro Graphics
Initialize mono
Mono path[0] = '/Applications/Unity/Hub/Editor/2020.2.2f1/Unity.app/Contents/Managed'
Mono path[1] = '/Applications/Unity/Hub/Editor/2020.2.2f1/Unity.app/Contents/MonoBleedingEdge/lib/mono/unityjit'
Mono config path = '/Applications/Unity/Hub/Editor/2020.2.2f1/Unity.app/Contents/MonoBleedingEdge/etc'
Using monoOptions --debugger-agent=transport=dt_socket,embedding=1,server=y,suspend=n,address=127.0.0.1:56200
Begin MonoManager ReloadAssembly
Registering precompiled unity dll's ...
Register platform support module: /Applications/Unity/Hub/Editor/2020.2.2f1/Unity.app/Contents/PlaybackEngines/MacStandaloneSupport/UnityEditor.OSXStandalone.Extensions.dll
Registered in 0.036069 seconds.
Native extension for OSXStandalone target not found
Refreshing native plugins compatible for Editor in 32.26 ms, found 1 plugins.
Preloading 0 native plugins for Editor in 0.00 ms.
Invoked RoslynAnalysisRunner static constructor.
RoslynAnalysisRunner will not be running.
RoslynAnalysisRunner has terminated.
Mono: successfully reloaded assembly
- Completed reload, in  1.940 seconds
Platform modules already initialized, skipping
Registering precompiled user dll's ...
Registered in 0.007723 seconds.
Begin MonoManager ReloadAssembly
Native extension for OSXStandalone target not found
Refreshing native plugins compatible for Editor in 0.27 ms, found 1 plugins.
Preloading 0 native plugins for Editor in 0.00 ms.
Invoked RoslynAnalysisRunner static constructor.
RoslynAnalysisRunner will not be running.
RoslynAnalysisRunner has terminated.
Mono: successfully reloaded assembly
- Completed reload, in  1.559 seconds
Platform modules already initialized, skipping
========================================================================
Worker process is ready to serve import requests
Launching external process: /Applications/Unity/Hub/Editor/2020.2.2f1/Unity.app/Contents/Tools/UnityShaderCompiler
Launched and connected shader compiler UnityShaderCompiler after 0.02 seconds
Refreshing native plugins compatible for Editor in 0.24 ms, found 1 plugins.
Preloading 0 native plugins for Editor in 0.00 ms.
Unloading 1101 Unused Serialized files (Serialized files now loaded: 0)
System memory in use before: 105.4 MB.
System memory in use after: 105.5 MB.

Unloading 9 unused Assets to reduce memory usage. Loaded Objects now: 1543.
Total: 3.099415 ms (FindLiveObjects: 0.318329 ms CreateObjectMapping: 0.143203 ms MarkObjects: 2.550420 ms  DeleteObjects: 0.085158 ms)

========================================================================
Received Import Request.
  path: Assets/ex02
  artifactKey: Guid(410e25910539e4e9b888c707dd31ca0f) Importer(815301076,1909f56bfc062723c751e8b465ee728b)
Start importing Assets/ex02 using Guid(410e25910539e4e9b888c707dd31ca0f) Importer(815301076,1909f56bfc062723c751e8b465ee728b)  -> (artifact id: 'e404938e9ac8b3dfe3d8d32209aadb81') in 0.003838 seconds
  Import took 0.006060 seconds .

========================================================================
Received Prepare
Registering precompiled user dll's ...
Registered in 0.000418 seconds.
Begin MonoManager ReloadAssembly
Native extension for OSXStandalone target not found
Refreshing native plugins compatible for Editor in 0.30 ms, found 1 plugins.
Preloading 0 native plugins for Editor in 0.00 ms.
Invoked RoslynAnalysisRunner static constructor.
RoslynAnalysisRunner will not be running.
RoslynAnalysisRunner has terminated.
Mono: successfully reloaded assembly
- Completed reload, in  1.299 seconds
Platform modules already initialized, skipping
Refreshing native plugins compatible for Editor in 0.22 ms, found 1 plugins.
Preloading 0 native plugins for Editor in 0.00 ms.
Unloading 1095 Unused Serialized files (Serialized files now loaded: 0)
System memory in use before: 105.7 MB.
System memory in use after: 105.8 MB.

Unloading 4 unused Assets to reduce memory usage. Loaded Objects now: 1545.
Total: 2.405788 ms (FindLiveObjects: 0.272054 ms CreateObjectMapping: 0.098193 ms MarkObjects: 2.009902 ms  DeleteObjects: 0.024254 ms)

