Using pre-set license

 COMMAND LINE ARGUMENTS:
/Applications/Unity/Hub/Editor/Unity.app/Contents/MacOS/Unity
-adb2
-batchMode
-noUpm
-name
AssetImportWorker0
-projectPath
/Users/AbeyCultivey/Desktop/Pisc-unity/d02/_d02
-logFile
Logs/AssetImportWorker0.log
-srvPort
49412
Successfully changed project path to: /Users/AbeyCultivey/Desktop/Pisc-unity/d02/_d02
/Users/AbeyCultivey/Desktop/Pisc-unity/d02/_d02
Using Asset Import Pipeline V2.
Refreshing native plugins compatible for Editor in 38.63 ms, found 2 plugins.
Preloading 0 native plugins for Editor in 0.00 ms.
Initialize engine version: 2020.2.4f1 (becced5a802b)
[Subsystems] Discovering subsystems at path /Applications/Unity/Hub/Editor/Unity.app/Contents/Resources/UnitySubsystems
[Subsystems] Discovering subsystems at path /Users/AbeyCultivey/Desktop/Pisc-unity/d02/_d02/Assets
GfxDevice: creating device client; threaded=0
2021-02-17 11:02:57.743 Unity[963:10974] SONY TV preferred device: Intel(R) Iris(TM) Plus Graphics 655 (low power)
2021-02-17 11:02:57.743 Unity[963:10974] Metal devices available: 1
2021-02-17 11:02:57.743 Unity[963:10974] 0: Intel(R) Iris(TM) Plus Graphics 655 (low power)
2021-02-17 11:02:57.743 Unity[963:10974] Using device Intel(R) Iris(TM) Plus Graphics 655 (low power)
Initializing Metal device caps: Intel(R) Iris(TM) Plus Graphics 655
Initialize mono
Mono path[0] = '/Applications/Unity/Hub/Editor/Unity.app/Contents/Managed'
Mono path[1] = '/Applications/Unity/Hub/Editor/Unity.app/Contents/MonoBleedingEdge/lib/mono/unityjit'
Mono config path = '/Applications/Unity/Hub/Editor/Unity.app/Contents/MonoBleedingEdge/etc'
Using monoOptions --debugger-agent=transport=dt_socket,embedding=1,server=y,suspend=n,address=127.0.0.1:56963
Begin MonoManager ReloadAssembly
Registering precompiled unity dll's ...
Register platform support module: /Applications/Unity/Hub/Editor/Unity.app/Contents/PlaybackEngines/MacStandaloneSupport/UnityEditor.OSXStandalone.Extensions.dll
Registered in 0.000488 seconds.
Native extension for OSXStandalone target not found
Refreshing native plugins compatible for Editor in 35.63 ms, found 2 plugins.
Preloading 0 native plugins for Editor in 0.00 ms.
Invoked RoslynAnalysisRunner static constructor.
RoslynAnalysisRunner will not be running.
RoslynAnalysisRunner has terminated.
Mono: successfully reloaded assembly
- Completed reload, in  1.643 seconds
Platform modules already initialized, skipping
Registering precompiled user dll's ...
Registered in 0.000474 seconds.
Begin MonoManager ReloadAssembly
Native extension for OSXStandalone target not found
Refreshing native plugins compatible for Editor in 35.90 ms, found 2 plugins.
Preloading 0 native plugins for Editor in 0.00 ms.
Invoked RoslynAnalysisRunner static constructor.
RoslynAnalysisRunner will not be running.
RoslynAnalysisRunner has terminated.
Mono: successfully reloaded assembly
- Completed reload, in  1.070 seconds
Platform modules already initialized, skipping
========================================================================
Worker process is ready to serve import requests
Launching external process: /Applications/Unity/Hub/Editor/Unity.app/Contents/Tools/UnityShaderCompiler
Launched and connected shader compiler UnityShaderCompiler after 0.01 seconds
Refreshing native plugins compatible for Editor in 0.33 ms, found 2 plugins.
Preloading 0 native plugins for Editor in 0.00 ms.
Unloading 1801 Unused Serialized files (Serialized files now loaded: 0)
System memory in use before: 142.3 MB.
System memory in use after: 142.4 MB.

Unloading 19 unused Assets to reduce memory usage. Loaded Objects now: 2248.
Total: 2.231694 ms (FindLiveObjects: 0.245592 ms CreateObjectMapping: 0.097724 ms MarkObjects: 1.816005 ms  DeleteObjects: 0.071224 ms)

========================================================================
Received Import Request.
  path: Assets/Scenes/ex03 1.unity
  artifactKey: Guid(7816c9c43493e4b1aa2742ca1af5a655) Importer(815301076,1909f56bfc062723c751e8b465ee728b)
Start importing Assets/Scenes/ex03 1.unity using Guid(7816c9c43493e4b1aa2742ca1af5a655) Importer(815301076,1909f56bfc062723c751e8b465ee728b)  -> (artifact id: '79cf8fdc9be94bb06c90824516db63f4') in 0.014557 seconds
  Import took 0.020000 seconds .

========================================================================
Received Import Request.
  Time since last request: 0.578760 seconds.
  path: Assets/Scenes/ex04.unity
  artifactKey: Guid(7816c9c43493e4b1aa2742ca1af5a655) Importer(815301076,1909f56bfc062723c751e8b465ee728b)
Start importing Assets/Scenes/ex04.unity using Guid(7816c9c43493e4b1aa2742ca1af5a655) Importer(815301076,1909f56bfc062723c751e8b465ee728b)  -> (artifact id: 'e9f3becce138ec1e0f417a5323fb8c3a') in 0.001063 seconds
  Import took 0.004454 seconds .

========================================================================
Received Import Request.
  Time since last request: 13.005790 seconds.
  path: Assets/Script/Ex03 1
  artifactKey: Guid(2872ff1906d1e4343b9cd03ff3f29b64) Importer(815301076,1909f56bfc062723c751e8b465ee728b)
Start importing Assets/Script/Ex03 1 using Guid(2872ff1906d1e4343b9cd03ff3f29b64) Importer(815301076,1909f56bfc062723c751e8b465ee728b)  -> (artifact id: 'de6d524a8d0ad7e0615bac0f0e28379b') in 0.001322 seconds
  Import took 0.004874 seconds .

========================================================================
Received Import Request.
  Time since last request: 6.043671 seconds.
  path: Assets/Script/Ex04
  artifactKey: Guid(2872ff1906d1e4343b9cd03ff3f29b64) Importer(815301076,1909f56bfc062723c751e8b465ee728b)
Start importing Assets/Script/Ex04 using Guid(2872ff1906d1e4343b9cd03ff3f29b64) Importer(815301076,1909f56bfc062723c751e8b465ee728b)  -> (artifact id: '5901f8c757fd4f5c80a0f4884a1ebe7d') in 0.000838 seconds
  Import took 0.004278 seconds .

========================================================================
Received Import Request.
  Time since last request: 12.451391 seconds.
  path: Assets/Script/Ex04/Attack.cs
  artifactKey: Guid(f3068765932b3463387ddeab61ec7ab5) Importer(815301076,1909f56bfc062723c751e8b465ee728b)
Start importing Assets/Script/Ex04/Attack.cs using Guid(f3068765932b3463387ddeab61ec7ab5) Importer(815301076,1909f56bfc062723c751e8b465ee728b)  -> (artifact id: 'd86a2abe9df4dd48cb370ad1ed604a0f') in 0.334677 seconds
  Import took 0.338175 seconds .

========================================================================
Received Prepare
Registering precompiled user dll's ...
Registered in 0.000813 seconds.
Begin MonoManager ReloadAssembly
Native extension for OSXStandalone target not found
Refreshing native plugins compatible for Editor in 0.41 ms, found 2 plugins.
Preloading 0 native plugins for Editor in 0.00 ms.
Invoked RoslynAnalysisRunner static constructor.
RoslynAnalysisRunner will not be running.
RoslynAnalysisRunner has terminated.
Mono: successfully reloaded assembly
- Completed reload, in  0.983 seconds
Platform modules already initialized, skipping
Refreshing native plugins compatible for Editor in 0.32 ms, found 2 plugins.
Preloading 0 native plugins for Editor in 0.00 ms.
Unloading 1803 Unused Serialized files (Serialized files now loaded: 0)
System memory in use before: 146.7 MB.
System memory in use after: 146.8 MB.

Unloading 8 unused Assets to reduce memory usage. Loaded Objects now: 2262.
Total: 1.936310 ms (FindLiveObjects: 0.217498 ms CreateObjectMapping: 0.075021 ms MarkObjects: 1.626288 ms  DeleteObjects: 0.016345 ms)

========================================================================
Received Import Request.
  Time since last request: 206.126120 seconds.
  path: Assets/Script/Ex04/Attack.cs
  artifactKey: Guid(f3068765932b3463387ddeab61ec7ab5) Importer(815301076,1909f56bfc062723c751e8b465ee728b)
Start importing Assets/Script/Ex04/Attack.cs using Guid(f3068765932b3463387ddeab61ec7ab5) Importer(815301076,1909f56bfc062723c751e8b465ee728b)  -> (artifact id: '3fc379ebb58cc70c08f0c86e07af1655') in 0.005012 seconds
  Import took 0.008816 seconds .

========================================================================
Received Import Request.
  Time since last request: 19.174099 seconds.
  path: Assets/Prefabs/Footman.prefab
  artifactKey: Guid(48661130f693a4b66b9e828d1bf7dbd2) Importer(815301076,1909f56bfc062723c751e8b465ee728b)
Start importing Assets/Prefabs/Footman.prefab using Guid(48661130f693a4b66b9e828d1bf7dbd2) Importer(815301076,1909f56bfc062723c751e8b465ee728b)  -> (artifact id: '5bc127cec27cc2720ed62fe663da5c1f') in 0.468228 seconds
  Import took 0.472329 seconds .

========================================================================
Received Import Request.
  Time since last request: 24.831313 seconds.
  path: Assets/Scenes/ex03.unity
  artifactKey: Guid(7687d5f77e2aa4ca5ad156b5edbb9433) Importer(815301076,1909f56bfc062723c751e8b465ee728b)
Start importing Assets/Scenes/ex03.unity using Guid(7687d5f77e2aa4ca5ad156b5edbb9433) Importer(815301076,1909f56bfc062723c751e8b465ee728b)  -> (artifact id: '8769dc1f4241bda87e37284c1e051b41') in 0.001555 seconds
  Import took 0.005130 seconds .

========================================================================
Received Import Request.
  Time since last request: 1.535284 seconds.
  path: Assets/Scenes/ex02.unity
  artifactKey: Guid(e09bc894afded443095a0009e567edab) Importer(815301076,1909f56bfc062723c751e8b465ee728b)
Start importing Assets/Scenes/ex02.unity using Guid(e09bc894afded443095a0009e567edab) Importer(815301076,1909f56bfc062723c751e8b465ee728b)  -> (artifact id: '39c72dcc3814a952c01e8b7e1e11e2b8') in 0.002272 seconds
  Import took 0.006366 seconds .

========================================================================
Received Import Request.
  Time since last request: 8.309348 seconds.
  path: Assets/Prefabs/Tiles/Dirt Tile 1.prefab
  artifactKey: Guid(1e5223f2286eb426598368c9c6fac70e) Importer(815301076,1909f56bfc062723c751e8b465ee728b)
Start importing Assets/Prefabs/Tiles/Dirt Tile 1.prefab using Guid(1e5223f2286eb426598368c9c6fac70e) Importer(815301076,1909f56bfc062723c751e8b465ee728b)  -> (artifact id: '1ebe2ee5491940c7e5b661c83af10413') in 0.011777 seconds
  Import took 0.015477 seconds .

========================================================================
Received Import Request.
  Time since last request: 0.000186 seconds.
  path: Assets/Prefabs/Tiles/Dirt Tile 3.prefab
  artifactKey: Guid(c30419e72e4574b6ebe5aa38682b1611) Importer(815301076,1909f56bfc062723c751e8b465ee728b)
Start importing Assets/Prefabs/Tiles/Dirt Tile 3.prefab using Guid(c30419e72e4574b6ebe5aa38682b1611) Importer(815301076,1909f56bfc062723c751e8b465ee728b)  -> (artifact id: '718f8ebbf5ceea4fea34867c5638aad4') in 0.006423 seconds
  Import took 0.009274 seconds .

========================================================================
Received Import Request.
  Time since last request: 0.000141 seconds.
  path: Assets/Prefabs/Tiles/Dirt Water Horizontal Tile 4.prefab
  artifactKey: Guid(5881fe50edb094ba3879fb4b9a6d15ea) Importer(815301076,1909f56bfc062723c751e8b465ee728b)
Start importing Assets/Prefabs/Tiles/Dirt Water Horizontal Tile 4.prefab using Guid(5881fe50edb094ba3879fb4b9a6d15ea) Importer(815301076,1909f56bfc062723c751e8b465ee728b)  -> (artifact id: '6969c40b2cf0cb66cc66ebb49052db34') in 0.006300 seconds
  Import took 0.009354 seconds .

========================================================================
Received Import Request.
  Time since last request: 0.000136 seconds.
  path: Assets/Prefabs/Tiles/Grass Dirt Tile 4.prefab
  artifactKey: Guid(f04b5750432ba460fbdb31e7ecec268f) Importer(815301076,1909f56bfc062723c751e8b465ee728b)
Start importing Assets/Prefabs/Tiles/Grass Dirt Tile 4.prefab using Guid(f04b5750432ba460fbdb31e7ecec268f) Importer(815301076,1909f56bfc062723c751e8b465ee728b)  -> (artifact id: '5747bdb903e7cf6c3656571689c66b2f') in 0.006123 seconds
  Import took 0.008586 seconds .

========================================================================
Received Import Request.
  Time since last request: 0.000133 seconds.
  path: Assets/Prefabs/Tiles/Grass Dirt Tile 20.prefab
  artifactKey: Guid(df42b9bdad0a64fe09990d941b0ace72) Importer(815301076,1909f56bfc062723c751e8b465ee728b)
Start importing Assets/Prefabs/Tiles/Grass Dirt Tile 20.prefab using Guid(df42b9bdad0a64fe09990d941b0ace72) Importer(815301076,1909f56bfc062723c751e8b465ee728b)  -> (artifact id: 'bc3fe6fd08fdd4a84992db9bef86e30b') in 0.006002 seconds
  Import took 0.008596 seconds .

========================================================================
Received Import Request.
  Time since last request: 0.000123 seconds.
  path: Assets/Prefabs/Tiles/Dirt Tile 21.prefab
  artifactKey: Guid(3693fbc8578cc4062a1dec259f7abe84) Importer(815301076,1909f56bfc062723c751e8b465ee728b)
Start importing Assets/Prefabs/Tiles/Dirt Tile 21.prefab using Guid(3693fbc8578cc4062a1dec259f7abe84) Importer(815301076,1909f56bfc062723c751e8b465ee728b)  -> (artifact id: '3e5bedf0e441d2182cd80d107c8a079e') in 0.006144 seconds
  Import took 0.008837 seconds .

========================================================================
Received Import Request.
  Time since last request: 0.000132 seconds.
  path: Assets/Prefabs/Tiles/Grass Tile 5.prefab
  artifactKey: Guid(2f4d412c0432843a79dcd25b36622431) Importer(815301076,1909f56bfc062723c751e8b465ee728b)
Start importing Assets/Prefabs/Tiles/Grass Tile 5.prefab using Guid(2f4d412c0432843a79dcd25b36622431) Importer(815301076,1909f56bfc062723c751e8b465ee728b)  -> (artifact id: '29eac21c99acf2ee049c63ebd52a7c3d') in 0.006154 seconds
  Import took 0.008839 seconds .

========================================================================
Received Import Request.
  Time since last request: 0.000145 seconds.
  path: Assets/Prefabs/Tiles/Dirt Tile 23.prefab
  artifactKey: Guid(3866abda7c0c04ea3b8e1effffc5b930) Importer(815301076,1909f56bfc062723c751e8b465ee728b)
Start importing Assets/Prefabs/Tiles/Dirt Tile 23.prefab using Guid(3866abda7c0c04ea3b8e1effffc5b930) Importer(815301076,1909f56bfc062723c751e8b465ee728b)  -> (artifact id: '1d5820b749ac305c3bbd39c020233259') in 0.007035 seconds
  Import took 0.010584 seconds .

========================================================================
Received Import Request.
  Time since last request: 0.000166 seconds.
  path: Assets/Prefabs/Tiles/Grass Dirt Tile 21.prefab
  artifactKey: Guid(0f618f70c47f34bc29aeaaaaf489506c) Importer(815301076,1909f56bfc062723c751e8b465ee728b)
Start importing Assets/Prefabs/Tiles/Grass Dirt Tile 21.prefab using Guid(0f618f70c47f34bc29aeaaaaf489506c) Importer(815301076,1909f56bfc062723c751e8b465ee728b)  -> (artifact id: '54512d67625b0a535b7b29f29ee72b37') in 0.008693 seconds
  Import took 0.011749 seconds .

========================================================================
Received Import Request.
  Time since last request: 0.000159 seconds.
  path: Assets/Prefabs/Tiles/Grass Tile 1.prefab
  artifactKey: Guid(d0c112502da914cb6a6cca5994f70e39) Importer(815301076,1909f56bfc062723c751e8b465ee728b)
Start importing Assets/Prefabs/Tiles/Grass Tile 1.prefab using Guid(d0c112502da914cb6a6cca5994f70e39) Importer(815301076,1909f56bfc062723c751e8b465ee728b)  -> (artifact id: '7104f8083be4155a9d7d219ea7770ad5') in 0.006522 seconds
  Import took 0.009235 seconds .

========================================================================
Received Import Request.
  Time since last request: 0.000195 seconds.
  path: Assets/Prefabs/Tiles/Grass Dirt Tile 1.prefab
  artifactKey: Guid(6fdd89b7edbd44912b66ba043f56c1ed) Importer(815301076,1909f56bfc062723c751e8b465ee728b)
Start importing Assets/Prefabs/Tiles/Grass Dirt Tile 1.prefab using Guid(6fdd89b7edbd44912b66ba043f56c1ed) Importer(815301076,1909f56bfc062723c751e8b465ee728b)  -> (artifact id: '6901db153a408024b8ec644caad68abd') in 0.006452 seconds
  Import took 0.009563 seconds .

========================================================================
Received Import Request.
  Time since last request: 0.000190 seconds.
  path: Assets/Prefabs/Tiles/Grass Dirt Tile 29.prefab
  artifactKey: Guid(0336a2d4a2ffd413e9bd2d4b58531f37) Importer(815301076,1909f56bfc062723c751e8b465ee728b)
Start importing Assets/Prefabs/Tiles/Grass Dirt Tile 29.prefab using Guid(0336a2d4a2ffd413e9bd2d4b58531f37) Importer(815301076,1909f56bfc062723c751e8b465ee728b)  -> (artifact id: '4e7e9a7a121947d07d0b206e27329bb0') in 0.007104 seconds
  Import took 0.010273 seconds .

========================================================================
Received Import Request.
  Time since last request: 0.000280 seconds.
  path: Assets/Prefabs/Tiles/Rock Tile 9.prefab
  artifactKey: Guid(c136637489eff4acf80b198192b6de7a) Importer(815301076,1909f56bfc062723c751e8b465ee728b)
Start importing Assets/Prefabs/Tiles/Rock Tile 9.prefab using Guid(c136637489eff4acf80b198192b6de7a) Importer(815301076,1909f56bfc062723c751e8b465ee728b)  -> (artifact id: '5d69b0de346d150f15142cdb5f7bbd8d') in 0.010977 seconds
  Import took 0.014507 seconds .

========================================================================
Received Import Request.
  Time since last request: 0.000137 seconds.
  path: Assets/Prefabs/Tiles/Grass Tile.prefab
  artifactKey: Guid(01b56c3e02d62465b9de20bca82ceedf) Importer(815301076,1909f56bfc062723c751e8b465ee728b)
Start importing Assets/Prefabs/Tiles/Grass Tile.prefab using Guid(01b56c3e02d62465b9de20bca82ceedf) Importer(815301076,1909f56bfc062723c751e8b465ee728b)  -> (artifact id: 'a2ae16e4e60b6bf80bd22f6ea2fdc7b4') in 0.008207 seconds
  Import took 0.011426 seconds .

========================================================================
Received Import Request.
  Time since last request: 0.000141 seconds.
  path: Assets/Prefabs/Tiles/Grass Tile 31.prefab
  artifactKey: Guid(f72ba96f62477472e98a0d7b01596130) Importer(815301076,1909f56bfc062723c751e8b465ee728b)
Start importing Assets/Prefabs/Tiles/Grass Tile 31.prefab using Guid(f72ba96f62477472e98a0d7b01596130) Importer(815301076,1909f56bfc062723c751e8b465ee728b)  -> (artifact id: 'ccfc397368cdca32514747b072bdc8f7') in 0.009088 seconds
  Import took 0.012221 seconds .

========================================================================
Received Import Request.
  Time since last request: 0.000130 seconds.
  path: Assets/Prefabs/Tiles/Dirt Water Horizontal Tile 9.prefab
  artifactKey: Guid(ccd850047e6d94b80b567804041085ca) Importer(815301076,1909f56bfc062723c751e8b465ee728b)
Start importing Assets/Prefabs/Tiles/Dirt Water Horizontal Tile 9.prefab using Guid(ccd850047e6d94b80b567804041085ca) Importer(815301076,1909f56bfc062723c751e8b465ee728b)  -> (artifact id: 'd7eb175b48360da2b5e66dba8d7d6195') in 0.007641 seconds
  Import took 0.010155 seconds .

========================================================================
Received Import Request.
  Time since last request: 0.000141 seconds.
  path: Assets/Prefabs/Tiles/Grass Tile 27.prefab
  artifactKey: Guid(934d54a94c4ed4caf8c4b6e606c53a9a) Importer(815301076,1909f56bfc062723c751e8b465ee728b)
Start importing Assets/Prefabs/Tiles/Grass Tile 27.prefab using Guid(934d54a94c4ed4caf8c4b6e606c53a9a) Importer(815301076,1909f56bfc062723c751e8b465ee728b)  -> (artifact id: '0292bd182e4db840402b12f892a4d8a9') in 0.010506 seconds
  Import took 0.013402 seconds .

========================================================================
Received Import Request.
  Time since last request: 0.000191 seconds.
  path: Assets/Prefabs/Tiles/Dirt Tile 2.prefab
  artifactKey: Guid(771491570710a4a0da9ac2b984f4faff) Importer(815301076,1909f56bfc062723c751e8b465ee728b)
Start importing Assets/Prefabs/Tiles/Dirt Tile 2.prefab using Guid(771491570710a4a0da9ac2b984f4faff) Importer(815301076,1909f56bfc062723c751e8b465ee728b)  -> (artifact id: '04d41dcfd8b462188214d433206267f3') in 0.006693 seconds
  Import took 0.009988 seconds .

========================================================================
Received Import Request.
  Time since last request: 0.000137 seconds.
  path: Assets/Prefabs/Tiles/Dirt Water Horizontal Tile 6.prefab
  artifactKey: Guid(aa467a5c0b839447497978ced45a33d1) Importer(815301076,1909f56bfc062723c751e8b465ee728b)
Start importing Assets/Prefabs/Tiles/Dirt Water Horizontal Tile 6.prefab using Guid(aa467a5c0b839447497978ced45a33d1) Importer(815301076,1909f56bfc062723c751e8b465ee728b)  -> (artifact id: '3c520a8e11b8235e19604981082f213a') in 0.006476 seconds
  Import took 0.009586 seconds .

========================================================================
Received Import Request.
  Time since last request: 0.000178 seconds.
  path: Assets/Prefabs/Tiles/Dirt Water Horizontal Tile 7.prefab
  artifactKey: Guid(8772a950ef1fb456285de2c1d5453fe1) Importer(815301076,1909f56bfc062723c751e8b465ee728b)
Start importing Assets/Prefabs/Tiles/Dirt Water Horizontal Tile 7.prefab using Guid(8772a950ef1fb456285de2c1d5453fe1) Importer(815301076,1909f56bfc062723c751e8b465ee728b)  -> (artifact id: '1dbab2312c85fb6850791fe83cee6d87') in 0.007845 seconds
  Import took 0.011558 seconds .

========================================================================
Received Import Request.
  Time since last request: 0.000210 seconds.
  path: Assets/Prefabs/Tiles/Grass Tile 3.prefab
  artifactKey: Guid(80559829b4467491aa519f5eada23267) Importer(815301076,1909f56bfc062723c751e8b465ee728b)
Start importing Assets/Prefabs/Tiles/Grass Tile 3.prefab using Guid(80559829b4467491aa519f5eada23267) Importer(815301076,1909f56bfc062723c751e8b465ee728b)  -> (artifact id: 'bc52453f76485d6f3ac39c16069495f5') in 0.010513 seconds
  Import took 0.014549 seconds .

========================================================================
Received Import Request.
  Time since last request: 0.018239 seconds.
  path: Assets/Prefabs/Tiles/Grass Tile 4.prefab
  artifactKey: Guid(2155647afc4fb4b749d4c07b0dfc3e26) Importer(815301076,1909f56bfc062723c751e8b465ee728b)
Start importing Assets/Prefabs/Tiles/Grass Tile 4.prefab using Guid(2155647afc4fb4b749d4c07b0dfc3e26) Importer(815301076,1909f56bfc062723c751e8b465ee728b)  -> (artifact id: '77467aa57ac189798c286c9a240e36b1') in 0.009683 seconds
  Import took 0.014116 seconds .

========================================================================
Received Import Request.
  Time since last request: 0.002662 seconds.
  path: Assets/Prefabs/Tiles/Dirt Tile 22.prefab
  artifactKey: Guid(0f550f2bc20714f0386c8ac20933dca6) Importer(815301076,1909f56bfc062723c751e8b465ee728b)
Start importing Assets/Prefabs/Tiles/Dirt Tile 22.prefab using Guid(0f550f2bc20714f0386c8ac20933dca6) Importer(815301076,1909f56bfc062723c751e8b465ee728b)  -> (artifact id: '74f435210a52567cb4de902e771b4c1f') in 0.009677 seconds
  Import took 0.014126 seconds .

========================================================================
Received Import Request.
  Time since last request: 0.000974 seconds.
  path: Assets/Prefabs/Tiles/Dirt Water Horizontal Tile 5.prefab
  artifactKey: Guid(a37bec36cc75545c5b2a9678f69f433e) Importer(815301076,1909f56bfc062723c751e8b465ee728b)
Start importing Assets/Prefabs/Tiles/Dirt Water Horizontal Tile 5.prefab using Guid(a37bec36cc75545c5b2a9678f69f433e) Importer(815301076,1909f56bfc062723c751e8b465ee728b)  -> (artifact id: '66543c936e9d8dea1cc8a490a7878fbe') in 0.009237 seconds
  Import took 0.013050 seconds .

========================================================================
Received Import Request.
  Time since last request: 0.000257 seconds.
  path: Assets/Prefabs/Tiles/Grass Tile 23.prefab
  artifactKey: Guid(4df0f1d6a38ea45df803ab7f682d28d1) Importer(815301076,1909f56bfc062723c751e8b465ee728b)
Start importing Assets/Prefabs/Tiles/Grass Tile 23.prefab using Guid(4df0f1d6a38ea45df803ab7f682d28d1) Importer(815301076,1909f56bfc062723c751e8b465ee728b)  -> (artifact id: '49258caac2f16ed3c4e9e6ca29e99f4f') in 0.011635 seconds
  Import took 0.019068 seconds .

========================================================================
Received Import Request.
  Time since last request: 0.000253 seconds.
  path: Assets/Prefabs/Tiles/Grass Dirt Tile 15.prefab
  artifactKey: Guid(8711373455caa435faa92c69d1db1d3b) Importer(815301076,1909f56bfc062723c751e8b465ee728b)
Start importing Assets/Prefabs/Tiles/Grass Dirt Tile 15.prefab using Guid(8711373455caa435faa92c69d1db1d3b) Importer(815301076,1909f56bfc062723c751e8b465ee728b)  -> (artifact id: '98cd3058536e3ee3b2c97c3844c79070') in 0.007551 seconds
  Import took 0.011357 seconds .

========================================================================
Received Import Request.
  Time since last request: 0.000167 seconds.
  path: Assets/Prefabs/Tiles/Dirt Water Horizontal Tile 10.prefab
  artifactKey: Guid(24d5841c1eed44943beb5fa0134b26c0) Importer(815301076,1909f56bfc062723c751e8b465ee728b)
Start importing Assets/Prefabs/Tiles/Dirt Water Horizontal Tile 10.prefab using Guid(24d5841c1eed44943beb5fa0134b26c0) Importer(815301076,1909f56bfc062723c751e8b465ee728b)  -> (artifact id: 'b0fd4bc10946d685a4fda206bdab1124') in 0.011697 seconds
  Import took 0.015498 seconds .

========================================================================
Received Import Request.
  Time since last request: 0.000132 seconds.
  path: Assets/Prefabs/Tiles/Dirt Tile 4.prefab
  artifactKey: Guid(547b2e3557c82443ca77b12fecce85a4) Importer(815301076,1909f56bfc062723c751e8b465ee728b)
Start importing Assets/Prefabs/Tiles/Dirt Tile 4.prefab using Guid(547b2e3557c82443ca77b12fecce85a4) Importer(815301076,1909f56bfc062723c751e8b465ee728b)  -> (artifact id: '72cc004ae6d4ea0ce729d5d02a889f8d') in 0.006723 seconds
  Import took 0.009440 seconds .

========================================================================
Received Import Request.
  Time since last request: 0.000134 seconds.
  path: Assets/Prefabs/Tiles/Grass Dirt Tile 24.prefab
  artifactKey: Guid(7028f23bd27a4488f91deb06b543fa2c) Importer(815301076,1909f56bfc062723c751e8b465ee728b)
Start importing Assets/Prefabs/Tiles/Grass Dirt Tile 24.prefab using Guid(7028f23bd27a4488f91deb06b543fa2c) Importer(815301076,1909f56bfc062723c751e8b465ee728b)  -> (artifact id: 'a68d376421bc6b45e207be709f6f292e') in 0.007429 seconds
  Import took 0.009970 seconds .

========================================================================
Received Import Request.
  Time since last request: 0.000218 seconds.
  path: Assets/Prefabs/Tiles/Grass Tile 12.prefab
  artifactKey: Guid(6e361ecf30b0247ceb271aaced23737e) Importer(815301076,1909f56bfc062723c751e8b465ee728b)
Start importing Assets/Prefabs/Tiles/Grass Tile 12.prefab using Guid(6e361ecf30b0247ceb271aaced23737e) Importer(815301076,1909f56bfc062723c751e8b465ee728b)  -> (artifact id: 'e928f13f9be20141e5635b7b71967c62') in 0.007045 seconds
  Import took 0.010076 seconds .

========================================================================
Received Import Request.
  Time since last request: 0.000165 seconds.
  path: Assets/Prefabs/Tiles/Dirt Tile 6.prefab
  artifactKey: Guid(4cf308d0c3e7044048ebed5dcc79732c) Importer(815301076,1909f56bfc062723c751e8b465ee728b)
Start importing Assets/Prefabs/Tiles/Dirt Tile 6.prefab using Guid(4cf308d0c3e7044048ebed5dcc79732c) Importer(815301076,1909f56bfc062723c751e8b465ee728b)  -> (artifact id: '57161e9bb51cc4e213fcff3a39ca3507') in 0.008950 seconds
  Import took 0.011949 seconds .

========================================================================
Received Import Request.
  Time since last request: 0.000152 seconds.
  path: Assets/Prefabs/Tiles/Dirt Tile 11.prefab
  artifactKey: Guid(e227576f5f9c84798bf06d18ac08546d) Importer(815301076,1909f56bfc062723c751e8b465ee728b)
Start importing Assets/Prefabs/Tiles/Dirt Tile 11.prefab using Guid(e227576f5f9c84798bf06d18ac08546d) Importer(815301076,1909f56bfc062723c751e8b465ee728b)  -> (artifact id: 'c21c9bdc6dc3e8ed262fb66873fa2a20') in 0.011273 seconds
  Import took 0.014755 seconds .

========================================================================
Received Import Request.
  Time since last request: 0.000141 seconds.
  path: Assets/Prefabs/Tiles/Grass Dirt Tile 28.prefab
  artifactKey: Guid(29a6e859a0a6443e9b87a397fdfdedad) Importer(815301076,1909f56bfc062723c751e8b465ee728b)
Start importing Assets/Prefabs/Tiles/Grass Dirt Tile 28.prefab using Guid(29a6e859a0a6443e9b87a397fdfdedad) Importer(815301076,1909f56bfc062723c751e8b465ee728b)  -> (artifact id: '9d541c846e4c0bcd48a233e2bfcddca1') in 0.008112 seconds
  Import took 0.011605 seconds .

========================================================================
Received Import Request.
  Time since last request: 0.000239 seconds.
  path: Assets/Prefabs/Tiles/Dirt Water Horizontal Tile 14.prefab
  artifactKey: Guid(b82bb111693e6416a9b1ca4db2b9b3e1) Importer(815301076,1909f56bfc062723c751e8b465ee728b)
Start importing Assets/Prefabs/Tiles/Dirt Water Horizontal Tile 14.prefab using Guid(b82bb111693e6416a9b1ca4db2b9b3e1) Importer(815301076,1909f56bfc062723c751e8b465ee728b)  -> (artifact id: '7b11e6909beed08bc064646fdae7caa5') in 0.011201 seconds
  Import took 0.015537 seconds .

========================================================================
Received Import Request.
  Time since last request: 0.000424 seconds.
  path: Assets/Prefabs/Tiles/Grass Dirt Tile 13.prefab
  artifactKey: Guid(5de36e2884074425eba96fceb14eda26) Importer(815301076,1909f56bfc062723c751e8b465ee728b)
Start importing Assets/Prefabs/Tiles/Grass Dirt Tile 13.prefab using Guid(5de36e2884074425eba96fceb14eda26) Importer(815301076,1909f56bfc062723c751e8b465ee728b)  -> (artifact id: '49d378ce67a0ce7ca0042a1fa0406aa5') in 0.009732 seconds
  Import took 0.013896 seconds .

========================================================================
Received Import Request.
  Time since last request: 0.000172 seconds.
  path: Assets/Prefabs/Tiles/Rock Tile 1.prefab
  artifactKey: Guid(13df03e07bb6c429ba76d8bf83a81309) Importer(815301076,1909f56bfc062723c751e8b465ee728b)
Start importing Assets/Prefabs/Tiles/Rock Tile 1.prefab using Guid(13df03e07bb6c429ba76d8bf83a81309) Importer(815301076,1909f56bfc062723c751e8b465ee728b)  -> (artifact id: '32377b57bc82adfc4b4652ca70081b82') in 0.008112 seconds
  Import took 0.011356 seconds .

========================================================================
Received Import Request.
  Time since last request: 0.000172 seconds.
  path: Assets/Prefabs/Tiles/Dirt Water Horizontal Tile 3.prefab
  artifactKey: Guid(70dae3e3d93ed4c238c8bb80ce3a6a9e) Importer(815301076,1909f56bfc062723c751e8b465ee728b)
Start importing Assets/Prefabs/Tiles/Dirt Water Horizontal Tile 3.prefab using Guid(70dae3e3d93ed4c238c8bb80ce3a6a9e) Importer(815301076,1909f56bfc062723c751e8b465ee728b)  -> (artifact id: '24758d5a866adc70a6a1229f7ebd0097') in 0.011056 seconds
  Import took 0.014405 seconds .

========================================================================
Received Import Request.
  Time since last request: 0.000181 seconds.
  path: Assets/Prefabs/Tiles/Grass Dirt Tile 11.prefab
  artifactKey: Guid(d56dc21b5e4af49d8b5aad02c8663e28) Importer(815301076,1909f56bfc062723c751e8b465ee728b)
Start importing Assets/Prefabs/Tiles/Grass Dirt Tile 11.prefab using Guid(d56dc21b5e4af49d8b5aad02c8663e28) Importer(815301076,1909f56bfc062723c751e8b465ee728b)  -> (artifact id: '86824ace0cc8e1aeea262d4cd83ed9ce') in 0.008024 seconds
  Import took 0.011037 seconds .

========================================================================
Received Import Request.
  Time since last request: 0.000149 seconds.
  path: Assets/Prefabs/Tiles/Dirt Tile 19.prefab
  artifactKey: Guid(ae6043d618aad492d808f63effc7b8cf) Importer(815301076,1909f56bfc062723c751e8b465ee728b)
Start importing Assets/Prefabs/Tiles/Dirt Tile 19.prefab using Guid(ae6043d618aad492d808f63effc7b8cf) Importer(815301076,1909f56bfc062723c751e8b465ee728b)  -> (artifact id: 'da1c567b0b1bacddc5ba8f23f8d41583') in 0.007605 seconds
  Import took 0.010745 seconds .

========================================================================
Received Import Request.
  Time since last request: 0.000160 seconds.
  path: Assets/Prefabs/Tiles/Grass Tile 21.prefab
  artifactKey: Guid(ba1b449653a014968b2cccd60c309f24) Importer(815301076,1909f56bfc062723c751e8b465ee728b)
Start importing Assets/Prefabs/Tiles/Grass Tile 21.prefab using Guid(ba1b449653a014968b2cccd60c309f24) Importer(815301076,1909f56bfc062723c751e8b465ee728b)  -> (artifact id: '226e4e338730ac23ef6b8769d1f43eeb') in 0.009732 seconds
  Import took 0.012828 seconds .

========================================================================
Received Import Request.
  Time since last request: 0.000172 seconds.
  path: Assets/Prefabs/Tiles/Dirt Water Horizontal Tile 12.prefab
  artifactKey: Guid(0d4516413088d41ae970446eaadbeb20) Importer(815301076,1909f56bfc062723c751e8b465ee728b)
Start importing Assets/Prefabs/Tiles/Dirt Water Horizontal Tile 12.prefab using Guid(0d4516413088d41ae970446eaadbeb20) Importer(815301076,1909f56bfc062723c751e8b465ee728b)  -> (artifact id: '31e79933cdacca19fef043178a4f1b79') in 0.007153 seconds
  Import took 0.009961 seconds .

========================================================================
Received Import Request.
  Time since last request: 0.000184 seconds.
  path: Assets/Prefabs/Tiles/Grass Tile 9.prefab
  artifactKey: Guid(1adad1b72da9f44e6a9aa769644a9179) Importer(815301076,1909f56bfc062723c751e8b465ee728b)
Start importing Assets/Prefabs/Tiles/Grass Tile 9.prefab using Guid(1adad1b72da9f44e6a9aa769644a9179) Importer(815301076,1909f56bfc062723c751e8b465ee728b)  -> (artifact id: 'd0d8a23adf18ead0218b20017a5d3865') in 0.008883 seconds
  Import took 0.011983 seconds .

========================================================================
Received Import Request.
  Time since last request: 0.000159 seconds.
  path: Assets/Prefabs/Tiles/Grass Dirt Tile 26.prefab
  artifactKey: Guid(e16484f0902b1482ba17b1a0d8b39b51) Importer(815301076,1909f56bfc062723c751e8b465ee728b)
Start importing Assets/Prefabs/Tiles/Grass Dirt Tile 26.prefab using Guid(e16484f0902b1482ba17b1a0d8b39b51) Importer(815301076,1909f56bfc062723c751e8b465ee728b)  -> (artifact id: '124fd8c04151335cbd8b7efc3f26f613') in 0.008419 seconds
  Import took 0.011144 seconds .

========================================================================
Received Import Request.
  Time since last request: 0.000281 seconds.
  path: Assets/Prefabs/Tiles/Grass Dirt Tile 6.prefab
  artifactKey: Guid(348569ca654374557af81bc423b750e6) Importer(815301076,1909f56bfc062723c751e8b465ee728b)
Start importing Assets/Prefabs/Tiles/Grass Dirt Tile 6.prefab using Guid(348569ca654374557af81bc423b750e6) Importer(815301076,1909f56bfc062723c751e8b465ee728b)  -> (artifact id: 'cee017875512faf6b8c11548b912368c') in 0.009347 seconds
  Import took 0.012664 seconds .

========================================================================
Received Import Request.
  Time since last request: 0.000373 seconds.
  path: Assets/Prefabs/Tiles/Dirt Tile 13.prefab
  artifactKey: Guid(433ba8fe5d81c4c67bef34a6c50426fa) Importer(815301076,1909f56bfc062723c751e8b465ee728b)
Start importing Assets/Prefabs/Tiles/Dirt Tile 13.prefab using Guid(433ba8fe5d81c4c67bef34a6c50426fa) Importer(815301076,1909f56bfc062723c751e8b465ee728b)  -> (artifact id: 'ce29847990fd2adb4f62cf2b405ac120') in 0.009503 seconds
  Import took 0.012665 seconds .

========================================================================
Received Import Request.
  Time since last request: 0.000147 seconds.
  path: Assets/Prefabs/Tiles/Dirt Tile 5.prefab
  artifactKey: Guid(77621186745ca4dec9edab19a70f176b) Importer(815301076,1909f56bfc062723c751e8b465ee728b)
Start importing Assets/Prefabs/Tiles/Dirt Tile 5.prefab using Guid(77621186745ca4dec9edab19a70f176b) Importer(815301076,1909f56bfc062723c751e8b465ee728b)  -> (artifact id: '78371f1ff8f39408984de5727116c8ad') in 0.006603 seconds
  Import took 0.009450 seconds .

========================================================================
Received Import Request.
  Time since last request: 0.000176 seconds.
  path: Assets/Prefabs/Tiles/Dirt Tile 9.prefab
  artifactKey: Guid(b5dbb62af365c455682475630816e0f8) Importer(815301076,1909f56bfc062723c751e8b465ee728b)
Start importing Assets/Prefabs/Tiles/Dirt Tile 9.prefab using Guid(b5dbb62af365c455682475630816e0f8) Importer(815301076,1909f56bfc062723c751e8b465ee728b)  -> (artifact id: 'c2baf1ba939407243a173ff7257bd376') in 0.009442 seconds
  Import took 0.012591 seconds .

========================================================================
Received Import Request.
  Time since last request: 0.000196 seconds.
  path: Assets/Prefabs/Tiles/Dirt Tile 24.prefab
  artifactKey: Guid(8e9714749c7574cc2b86c13c392f8c90) Importer(815301076,1909f56bfc062723c751e8b465ee728b)
Start importing Assets/Prefabs/Tiles/Dirt Tile 24.prefab using Guid(8e9714749c7574cc2b86c13c392f8c90) Importer(815301076,1909f56bfc062723c751e8b465ee728b)  -> (artifact id: 'e8302b906cd9fa587b8c1593f3172827') in 0.006942 seconds
  Import took 0.010287 seconds .

========================================================================
Received Import Request.
  Time since last request: 0.000149 seconds.
  path: Assets/Prefabs/Tiles/Dirt Tile 17.prefab
  artifactKey: Guid(6b2fe20eacbda44cb94e0e3ec1c3c235) Importer(815301076,1909f56bfc062723c751e8b465ee728b)
Start importing Assets/Prefabs/Tiles/Dirt Tile 17.prefab using Guid(6b2fe20eacbda44cb94e0e3ec1c3c235) Importer(815301076,1909f56bfc062723c751e8b465ee728b)  -> (artifact id: 'db060c5db80688095bf77c9e0e119a46') in 0.006696 seconds
  Import took 0.009547 seconds .

========================================================================
Received Import Request.
  Time since last request: 0.000149 seconds.
  path: Assets/Prefabs/Tiles/Grass Dirt Tile 12.prefab
  artifactKey: Guid(d01363ba351504ebe8e5a1a41521ecfd) Importer(815301076,1909f56bfc062723c751e8b465ee728b)
Start importing Assets/Prefabs/Tiles/Grass Dirt Tile 12.prefab using Guid(d01363ba351504ebe8e5a1a41521ecfd) Importer(815301076,1909f56bfc062723c751e8b465ee728b)  -> (artifact id: '6ea4a4f456c83933550871fcbcdaf30b') in 0.007923 seconds
  Import took 0.011016 seconds .

========================================================================
Received Import Request.
  Time since last request: 0.000159 seconds.
  path: Assets/Prefabs/Tiles/Grass Tile 19.prefab
  artifactKey: Guid(02bfe62c832c045c8be4ebb8c5d20174) Importer(815301076,1909f56bfc062723c751e8b465ee728b)
Start importing Assets/Prefabs/Tiles/Grass Tile 19.prefab using Guid(02bfe62c832c045c8be4ebb8c5d20174) Importer(815301076,1909f56bfc062723c751e8b465ee728b)  -> (artifact id: '02b86a8bf2f106b53453b6800e93f6f2') in 0.008117 seconds
  Import took 0.011100 seconds .

========================================================================
Received Import Request.
  Time since last request: 0.000163 seconds.
  path: Assets/Prefabs/Tiles/Dirt Tile 18.prefab
  artifactKey: Guid(1ae72755e2fbb492482e167a1a4c1c57) Importer(815301076,1909f56bfc062723c751e8b465ee728b)
Start importing Assets/Prefabs/Tiles/Dirt Tile 18.prefab using Guid(1ae72755e2fbb492482e167a1a4c1c57) Importer(815301076,1909f56bfc062723c751e8b465ee728b)  -> (artifact id: '924ee9c3d33823d53a16240c23c5a7d7') in 0.010724 seconds
  Import took 0.014087 seconds .

========================================================================
Received Import Request.
  Time since last request: 0.000174 seconds.
  path: Assets/Prefabs/Tiles/Grass Tile 11.prefab
  artifactKey: Guid(db22bcba21f5a4a22b8976c52fdf389b) Importer(815301076,1909f56bfc062723c751e8b465ee728b)
Start importing Assets/Prefabs/Tiles/Grass Tile 11.prefab using Guid(db22bcba21f5a4a22b8976c52fdf389b) Importer(815301076,1909f56bfc062723c751e8b465ee728b)  -> (artifact id: '0f617938acde4555bdf91b232b58c7ac') in 0.008681 seconds
  Import took 0.012080 seconds .

========================================================================
Received Import Request.
  Time since last request: 0.000214 seconds.
  path: Assets/Prefabs/Tiles/Dirt Tile 20.prefab
  artifactKey: Guid(d1fee66023421403faee85a32a35cb24) Importer(815301076,1909f56bfc062723c751e8b465ee728b)
Start importing Assets/Prefabs/Tiles/Dirt Tile 20.prefab using Guid(d1fee66023421403faee85a32a35cb24) Importer(815301076,1909f56bfc062723c751e8b465ee728b)  -> (artifact id: '5fc5355cd315461331fac936f0474410') in 0.009604 seconds
  Import took 0.013694 seconds .

========================================================================
Received Import Request.
  Time since last request: 0.000182 seconds.
  path: Assets/Prefabs/Tiles/Grass Tile 14.prefab
  artifactKey: Guid(c35d9de80f6314f51900d0e1de23759b) Importer(815301076,1909f56bfc062723c751e8b465ee728b)
Start importing Assets/Prefabs/Tiles/Grass Tile 14.prefab using Guid(c35d9de80f6314f51900d0e1de23759b) Importer(815301076,1909f56bfc062723c751e8b465ee728b)  -> (artifact id: 'a93ddba86894580c18c9f739df7a71ae') in 0.006386 seconds
  Import took 0.009612 seconds .

========================================================================
Received Import Request.
  Time since last request: 0.000155 seconds.
  path: Assets/Prefabs/Tiles/Grass Tile 24.prefab
  artifactKey: Guid(327a52ba9def44b0091c0b68000411d8) Importer(815301076,1909f56bfc062723c751e8b465ee728b)
Start importing Assets/Prefabs/Tiles/Grass Tile 24.prefab using Guid(327a52ba9def44b0091c0b68000411d8) Importer(815301076,1909f56bfc062723c751e8b465ee728b)  -> (artifact id: 'b519d74110e8b13252e135caab72938c') in 0.006825 seconds
  Import took 0.009898 seconds .

========================================================================
Received Import Request.
  Time since last request: 0.000154 seconds.
  path: Assets/Prefabs/Tiles/Rock Tile 11.prefab
  artifactKey: Guid(40a96956ca4424727bf2f18920f9ea1c) Importer(815301076,1909f56bfc062723c751e8b465ee728b)
Start importing Assets/Prefabs/Tiles/Rock Tile 11.prefab using Guid(40a96956ca4424727bf2f18920f9ea1c) Importer(815301076,1909f56bfc062723c751e8b465ee728b)  -> (artifact id: '9258945bf90ac5cb908ff6d4208af512') in 0.010640 seconds
  Import took 0.013697 seconds .

========================================================================
Received Import Request.
  Time since last request: 0.000130 seconds.
  path: Assets/Prefabs/Tiles/Grass Dirt Tile 25.prefab
  artifactKey: Guid(bf0e98b78c88d4306b199baab6360883) Importer(815301076,1909f56bfc062723c751e8b465ee728b)
Start importing Assets/Prefabs/Tiles/Grass Dirt Tile 25.prefab using Guid(bf0e98b78c88d4306b199baab6360883) Importer(815301076,1909f56bfc062723c751e8b465ee728b)  -> (artifact id: 'de5b05ff1962bce714115f343d2cbbd5') in 0.008211 seconds
  Import took 0.010796 seconds .

========================================================================
Received Import Request.
  Time since last request: 0.000318 seconds.
  path: Assets/Prefabs/Tiles/Grass Dirt Tile 18.prefab
  artifactKey: Guid(0e430d07073db4cc1bbe5db4c939f740) Importer(815301076,1909f56bfc062723c751e8b465ee728b)
Start importing Assets/Prefabs/Tiles/Grass Dirt Tile 18.prefab using Guid(0e430d07073db4cc1bbe5db4c939f740) Importer(815301076,1909f56bfc062723c751e8b465ee728b)  -> (artifact id: '4dadad0d692c222c3ef4e0360f0f8385') in 0.008355 seconds
  Import took 0.012005 seconds .

========================================================================
Received Import Request.
  Time since last request: 0.000180 seconds.
  path: Assets/Prefabs/Tiles/Grass Dirt Tile 19.prefab
  artifactKey: Guid(a309dc0f26a044c949c6098954d0bd6f) Importer(815301076,1909f56bfc062723c751e8b465ee728b)
Start importing Assets/Prefabs/Tiles/Grass Dirt Tile 19.prefab using Guid(a309dc0f26a044c949c6098954d0bd6f) Importer(815301076,1909f56bfc062723c751e8b465ee728b)  -> (artifact id: '2faaef2925911e6f8a0b0165881d2944') in 0.009512 seconds
  Import took 0.012732 seconds .

========================================================================
Received Import Request.
  Time since last request: 0.000159 seconds.
  path: Assets/Prefabs/Tiles/Grass Tile 28.prefab
  artifactKey: Guid(cd4df169fbe47445da98116239269793) Importer(815301076,1909f56bfc062723c751e8b465ee728b)
Start importing Assets/Prefabs/Tiles/Grass Tile 28.prefab using Guid(cd4df169fbe47445da98116239269793) Importer(815301076,1909f56bfc062723c751e8b465ee728b)  -> (artifact id: '230a4e11990064e7499e54213a7abcc1') in 0.008124 seconds
  Import took 0.011533 seconds .

========================================================================
Received Import Request.
  Time since last request: 0.000168 seconds.
  path: Assets/Prefabs/Tiles/Dirt Water Horizontal Tile 8.prefab
  artifactKey: Guid(b868de3ec5d604bb08e10217512718de) Importer(815301076,1909f56bfc062723c751e8b465ee728b)
Start importing Assets/Prefabs/Tiles/Dirt Water Horizontal Tile 8.prefab using Guid(b868de3ec5d604bb08e10217512718de) Importer(815301076,1909f56bfc062723c751e8b465ee728b)  -> (artifact id: '77ee0cb39222b139da662dcb20238b85') in 0.008445 seconds
  Import took 0.012012 seconds .

========================================================================
Received Import Request.
  Time since last request: 0.000423 seconds.
  path: Assets/Prefabs/Tiles/Grass Dirt Tile 17.prefab
  artifactKey: Guid(271dd92027c8d40c398b2e6fe34b40e3) Importer(815301076,1909f56bfc062723c751e8b465ee728b)
Start importing Assets/Prefabs/Tiles/Grass Dirt Tile 17.prefab using Guid(271dd92027c8d40c398b2e6fe34b40e3) Importer(815301076,1909f56bfc062723c751e8b465ee728b)  -> (artifact id: '09842b9a870b98747edb32e22b814639') in 0.010549 seconds
  Import took 0.014739 seconds .

========================================================================
Received Import Request.
  Time since last request: 0.000355 seconds.
  path: Assets/Prefabs/Tiles/Rock Tile 2.prefab
  artifactKey: Guid(8814c9044e56547b4af76bdb4c32e104) Importer(815301076,1909f56bfc062723c751e8b465ee728b)
Start importing Assets/Prefabs/Tiles/Rock Tile 2.prefab using Guid(8814c9044e56547b4af76bdb4c32e104) Importer(815301076,1909f56bfc062723c751e8b465ee728b)  -> (artifact id: '3af35faedf53d6fd5d06acde72b20499') in 0.011971 seconds
  Import took 0.015826 seconds .

========================================================================
Received Import Request.
  Time since last request: 0.000162 seconds.
  path: Assets/Prefabs/Tiles/Grass Dirt Tile 14.prefab
  artifactKey: Guid(f0a74ee465793462793fdc954227c5c9) Importer(815301076,1909f56bfc062723c751e8b465ee728b)
Start importing Assets/Prefabs/Tiles/Grass Dirt Tile 14.prefab using Guid(f0a74ee465793462793fdc954227c5c9) Importer(815301076,1909f56bfc062723c751e8b465ee728b)  -> (artifact id: '304e006b6a1f0ca48823005fca35c8ce') in 0.008916 seconds
  Import took 0.012313 seconds .

========================================================================
Received Import Request.
  Time since last request: 0.000185 seconds.
  path: Assets/Prefabs/Tiles/Rock Tile 4.prefab
  artifactKey: Guid(6943252b01d6043ef91f628f8ce6d3f7) Importer(815301076,1909f56bfc062723c751e8b465ee728b)
Start importing Assets/Prefabs/Tiles/Rock Tile 4.prefab using Guid(6943252b01d6043ef91f628f8ce6d3f7) Importer(815301076,1909f56bfc062723c751e8b465ee728b)  -> (artifact id: 'eb7b589c9310fc9459606abfb44e68dc') in 0.008792 seconds
  Import took 0.012067 seconds .

========================================================================
Received Import Request.
  Time since last request: 0.000153 seconds.
  path: Assets/Prefabs/Tiles/Rock Tile 8.prefab
  artifactKey: Guid(fd42b5a28a7e14bbf9406ce5b16a5b68) Importer(815301076,1909f56bfc062723c751e8b465ee728b)
Start importing Assets/Prefabs/Tiles/Rock Tile 8.prefab using Guid(fd42b5a28a7e14bbf9406ce5b16a5b68) Importer(815301076,1909f56bfc062723c751e8b465ee728b)  -> (artifact id: '45b927faf93e0d12c8e87ba4f1f4fe5a') in 0.006622 seconds
  Import took 0.009579 seconds .

========================================================================
Received Import Request.
  Time since last request: 0.000171 seconds.
  path: Assets/Prefabs/Tiles/Grass Dirt Tile 22.prefab
  artifactKey: Guid(0ef1dd4bc7f8844b6b676fb111b64278) Importer(815301076,1909f56bfc062723c751e8b465ee728b)
Start importing Assets/Prefabs/Tiles/Grass Dirt Tile 22.prefab using Guid(0ef1dd4bc7f8844b6b676fb111b64278) Importer(815301076,1909f56bfc062723c751e8b465ee728b)  -> (artifact id: 'a4b8c43e1a4134ab96cd05b89e53a693') in 0.007419 seconds
  Import took 0.010721 seconds .

========================================================================
Received Import Request.
  Time since last request: 0.000193 seconds.
  path: Assets/Prefabs/Tiles/Dirt Tile 10.prefab
  artifactKey: Guid(a41775547f9eb47fd9a355f563433a53) Importer(815301076,1909f56bfc062723c751e8b465ee728b)
Start importing Assets/Prefabs/Tiles/Dirt Tile 10.prefab using Guid(a41775547f9eb47fd9a355f563433a53) Importer(815301076,1909f56bfc062723c751e8b465ee728b)  -> (artifact id: '83d82ce35c8371e4a780a9f06b43f004') in 0.008673 seconds
  Import took 0.012198 seconds .

========================================================================
Received Import Request.
  Time since last request: 0.000190 seconds.
  path: Assets/Prefabs/Tiles/Dirt Tile 12.prefab
  artifactKey: Guid(0bec6cbb37b064358bc96a0b86286a9d) Importer(815301076,1909f56bfc062723c751e8b465ee728b)
Start importing Assets/Prefabs/Tiles/Dirt Tile 12.prefab using Guid(0bec6cbb37b064358bc96a0b86286a9d) Importer(815301076,1909f56bfc062723c751e8b465ee728b)  -> (artifact id: '7feb2d9462f3c62af0acc5ef96f88873') in 0.008724 seconds
  Import took 0.011431 seconds .

========================================================================
Received Import Request.
  Time since last request: 0.000195 seconds.
  path: Assets/Prefabs/Tiles/Dirt Tile 14.prefab
  artifactKey: Guid(f2fe903be87b04a05a18135349ab0e4a) Importer(815301076,1909f56bfc062723c751e8b465ee728b)
Start importing Assets/Prefabs/Tiles/Dirt Tile 14.prefab using Guid(f2fe903be87b04a05a18135349ab0e4a) Importer(815301076,1909f56bfc062723c751e8b465ee728b)  -> (artifact id: '51d952d7e181009bd83c08c285e43546') in 0.009037 seconds
  Import took 0.012862 seconds .

========================================================================
Received Import Request.
  Time since last request: 0.000344 seconds.
  path: Assets/Prefabs/Tiles/Dirt Tile 16.prefab
  artifactKey: Guid(b21b363d2708c415797cb7ca88c04e67) Importer(815301076,1909f56bfc062723c751e8b465ee728b)
Start importing Assets/Prefabs/Tiles/Dirt Tile 16.prefab using Guid(b21b363d2708c415797cb7ca88c04e67) Importer(815301076,1909f56bfc062723c751e8b465ee728b)  -> (artifact id: 'ae0157c0d54fe95aef12e31f06f19fc2') in 0.007177 seconds
  Import took 0.012228 seconds .

========================================================================
Received Import Request.
  Time since last request: 0.000205 seconds.
  path: Assets/Prefabs/Tiles/Grass Dirt Tile 8.prefab
  artifactKey: Guid(b0a5bcb11e5384cadb35917a74b551d2) Importer(815301076,1909f56bfc062723c751e8b465ee728b)
Start importing Assets/Prefabs/Tiles/Grass Dirt Tile 8.prefab using Guid(b0a5bcb11e5384cadb35917a74b551d2) Importer(815301076,1909f56bfc062723c751e8b465ee728b)  -> (artifact id: 'a26c0ff45cdcfd0b1a041620d40703bb') in 0.010813 seconds
  Import took 0.014696 seconds .

========================================================================
Received Import Request.
  Time since last request: 0.000210 seconds.
  path: Assets/Prefabs/Tiles/Grass Tile 16.prefab
  artifactKey: Guid(e7c6e7bc3bc904c709a48fe3efa1c017) Importer(815301076,1909f56bfc062723c751e8b465ee728b)
Start importing Assets/Prefabs/Tiles/Grass Tile 16.prefab using Guid(e7c6e7bc3bc904c709a48fe3efa1c017) Importer(815301076,1909f56bfc062723c751e8b465ee728b)  -> (artifact id: '415fba9481c1436f41d6f6c908285ffc') in 0.009241 seconds
  Import took 0.012167 seconds .

========================================================================
Received Import Request.
  Time since last request: 0.000199 seconds.
  path: Assets/Prefabs/Tiles/Grass Dirt Tile 23.prefab
  artifactKey: Guid(eb08c758ac6924baeb0bfabf836415af) Importer(815301076,1909f56bfc062723c751e8b465ee728b)
Start importing Assets/Prefabs/Tiles/Grass Dirt Tile 23.prefab using Guid(eb08c758ac6924baeb0bfabf836415af) Importer(815301076,1909f56bfc062723c751e8b465ee728b)  -> (artifact id: '6def87a78811f8aaa15b05da6516910f') in 0.009574 seconds
  Import took 0.013030 seconds .

========================================================================
Received Import Request.
  Time since last request: 0.000441 seconds.
  path: Assets/Prefabs/Tiles/Grass Dirt Tile 3.prefab
  artifactKey: Guid(948d3b2fc000d458a96f864e8c355062) Importer(815301076,1909f56bfc062723c751e8b465ee728b)
Start importing Assets/Prefabs/Tiles/Grass Dirt Tile 3.prefab using Guid(948d3b2fc000d458a96f864e8c355062) Importer(815301076,1909f56bfc062723c751e8b465ee728b)  -> (artifact id: '309c187f4b9c613cd7582a287c65e4ba') in 0.009571 seconds
  Import took 0.012839 seconds .

========================================================================
Received Import Request.
  Time since last request: 0.000211 seconds.
  path: Assets/Prefabs/Tiles/Grass Tile 30.prefab
  artifactKey: Guid(f4ccb31dc0aec4ac29ae050b38172dca) Importer(815301076,1909f56bfc062723c751e8b465ee728b)
Start importing Assets/Prefabs/Tiles/Grass Tile 30.prefab using Guid(f4ccb31dc0aec4ac29ae050b38172dca) Importer(815301076,1909f56bfc062723c751e8b465ee728b)  -> (artifact id: '02b2f6339dc750a4c815ead2a8b097bb') in 0.006860 seconds
  Import took 0.009637 seconds .

========================================================================
Received Import Request.
  Time since last request: 0.000174 seconds.
  path: Assets/Prefabs/Tiles/Grass Dirt Tile 10.prefab
  artifactKey: Guid(5acc88fe5d995417ab9676f62b440cac) Importer(815301076,1909f56bfc062723c751e8b465ee728b)
Start importing Assets/Prefabs/Tiles/Grass Dirt Tile 10.prefab using Guid(5acc88fe5d995417ab9676f62b440cac) Importer(815301076,1909f56bfc062723c751e8b465ee728b)  -> (artifact id: 'adfe7a397e58fee92d33712ca9af001b') in 0.008056 seconds
  Import took 0.011165 seconds .

========================================================================
Received Import Request.
  Time since last request: 0.000191 seconds.
  path: Assets/Prefabs/Tiles/Rock Tile 3.prefab
  artifactKey: Guid(287948de4c1e54e2788ceee6772b8a78) Importer(815301076,1909f56bfc062723c751e8b465ee728b)
Start importing Assets/Prefabs/Tiles/Rock Tile 3.prefab using Guid(287948de4c1e54e2788ceee6772b8a78) Importer(815301076,1909f56bfc062723c751e8b465ee728b)  -> (artifact id: '7d85745ce7ce66f4aa7925377a4dce45') in 0.009353 seconds
  Import took 0.012203 seconds .

========================================================================
Received Import Request.
  Time since last request: 0.000267 seconds.
  path: Assets/Prefabs/Tiles/Grass Dirt Tile 16.prefab
  artifactKey: Guid(c964002b615c74890a237ce08f76f06d) Importer(815301076,1909f56bfc062723c751e8b465ee728b)
Start importing Assets/Prefabs/Tiles/Grass Dirt Tile 16.prefab using Guid(c964002b615c74890a237ce08f76f06d) Importer(815301076,1909f56bfc062723c751e8b465ee728b)  -> (artifact id: 'ed583a66b9ef6aab8499834f0c60f20a') in 0.011584 seconds
  Import took 0.015070 seconds .

========================================================================
Received Import Request.
  Time since last request: 0.000187 seconds.
  path: Assets/Prefabs/Tiles/Grass Dirt Tile 2.prefab
  artifactKey: Guid(07eabdf7a8a1a47f3869e366880facc7) Importer(815301076,1909f56bfc062723c751e8b465ee728b)
Start importing Assets/Prefabs/Tiles/Grass Dirt Tile 2.prefab using Guid(07eabdf7a8a1a47f3869e366880facc7) Importer(815301076,1909f56bfc062723c751e8b465ee728b)  -> (artifact id: 'ab86406179f4dcf3100bd06215103a62') in 0.008345 seconds
  Import took 0.011476 seconds .

========================================================================
Received Import Request.
  Time since last request: 0.000172 seconds.
  path: Assets/Prefabs/Tiles/Dirt Tile 15.prefab
  artifactKey: Guid(5bd85fd86d23a4a27a2dcb313f31c8a2) Importer(815301076,1909f56bfc062723c751e8b465ee728b)
Start importing Assets/Prefabs/Tiles/Dirt Tile 15.prefab using Guid(5bd85fd86d23a4a27a2dcb313f31c8a2) Importer(815301076,1909f56bfc062723c751e8b465ee728b)  -> (artifact id: '0b2112e99602bee2e13d18e60021a761') in 0.008646 seconds
  Import took 0.011312 seconds .

========================================================================
Received Import Request.
  Time since last request: 0.000147 seconds.
  path: Assets/Prefabs/Tiles/Dirt Tile 25.prefab
  artifactKey: Guid(0da592bf7cd474b678ed0a7f9694362e) Importer(815301076,1909f56bfc062723c751e8b465ee728b)
Start importing Assets/Prefabs/Tiles/Dirt Tile 25.prefab using Guid(0da592bf7cd474b678ed0a7f9694362e) Importer(815301076,1909f56bfc062723c751e8b465ee728b)  -> (artifact id: '925278c86cf7f3a488cc5479dc663b53') in 0.008210 seconds
  Import took 0.010906 seconds .

========================================================================
Received Import Request.
  Time since last request: 0.000172 seconds.
  path: Assets/Prefabs/Tiles/Grass Tile 13.prefab
  artifactKey: Guid(c45f818a888a34ae9b453f52b7347974) Importer(815301076,1909f56bfc062723c751e8b465ee728b)
Start importing Assets/Prefabs/Tiles/Grass Tile 13.prefab using Guid(c45f818a888a34ae9b453f52b7347974) Importer(815301076,1909f56bfc062723c751e8b465ee728b)  -> (artifact id: 'f466f780b8f6b73bd5911e9cb9f1f62e') in 0.009234 seconds
  Import took 0.012894 seconds .

========================================================================
Received Import Request.
  Time since last request: 0.000252 seconds.
  path: Assets/Prefabs/Tiles/Grass Tile 17.prefab
  artifactKey: Guid(1e74fc6f1da3547fb8667d3fbd6e7c91) Importer(815301076,1909f56bfc062723c751e8b465ee728b)
Start importing Assets/Prefabs/Tiles/Grass Tile 17.prefab using Guid(1e74fc6f1da3547fb8667d3fbd6e7c91) Importer(815301076,1909f56bfc062723c751e8b465ee728b)  -> (artifact id: '24423392261867e093af6a560a2bebc5') in 0.008424 seconds
  Import took 0.012516 seconds .

========================================================================
Received Import Request.
  Time since last request: 0.000166 seconds.
  path: Assets/Prefabs/Tiles/Grass Tile 2.prefab
  artifactKey: Guid(bbc4dd024363a41c1a659ae2620cd8c9) Importer(815301076,1909f56bfc062723c751e8b465ee728b)
Start importing Assets/Prefabs/Tiles/Grass Tile 2.prefab using Guid(bbc4dd024363a41c1a659ae2620cd8c9) Importer(815301076,1909f56bfc062723c751e8b465ee728b)  -> (artifact id: 'a816c411a8bf472316856b12b01737a2') in 0.009951 seconds
  Import took 0.012752 seconds .

========================================================================
Received Import Request.
  Time since last request: 0.000249 seconds.
  path: Assets/Prefabs/Tiles/Rock Tile 10.prefab
  artifactKey: Guid(e7c6708d3225b4d3ba8f3148045ba83a) Importer(815301076,1909f56bfc062723c751e8b465ee728b)
Start importing Assets/Prefabs/Tiles/Rock Tile 10.prefab using Guid(e7c6708d3225b4d3ba8f3148045ba83a) Importer(815301076,1909f56bfc062723c751e8b465ee728b)  -> (artifact id: '8bcc7cddab272ff071f380aea20589ba') in 0.009516 seconds
  Import took 0.013567 seconds .

========================================================================
Received Import Request.
  Time since last request: 0.000204 seconds.
  path: Assets/Prefabs/Tiles/Dirt Water Horizontal Tile 13.prefab
  artifactKey: Guid(f0965185dcc8a476699e760357510a1a) Importer(815301076,1909f56bfc062723c751e8b465ee728b)
Start importing Assets/Prefabs/Tiles/Dirt Water Horizontal Tile 13.prefab using Guid(f0965185dcc8a476699e760357510a1a) Importer(815301076,1909f56bfc062723c751e8b465ee728b)  -> (artifact id: '4800af5c1da4a0606a92d57403ae971f') in 0.007288 seconds
  Import took 0.010404 seconds .

========================================================================
Received Import Request.
  Time since last request: 0.000151 seconds.
  path: Assets/Prefabs/Tiles/Dirt Water Horizontal Tile 2.prefab
  artifactKey: Guid(008ade45a83e64d06898ca00f55f621e) Importer(815301076,1909f56bfc062723c751e8b465ee728b)
Start importing Assets/Prefabs/Tiles/Dirt Water Horizontal Tile 2.prefab using Guid(008ade45a83e64d06898ca00f55f621e) Importer(815301076,1909f56bfc062723c751e8b465ee728b)  -> (artifact id: '57d5598b5cd9f6cc478483e19f946809') in 0.010219 seconds
  Import took 0.012877 seconds .

========================================================================
Received Import Request.
  Time since last request: 0.000197 seconds.
  path: Assets/Prefabs/Tiles/Dirt Tile 7.prefab
  artifactKey: Guid(b3d26ce5894484e3fba00ee97020ab92) Importer(815301076,1909f56bfc062723c751e8b465ee728b)
Start importing Assets/Prefabs/Tiles/Dirt Tile 7.prefab using Guid(b3d26ce5894484e3fba00ee97020ab92) Importer(815301076,1909f56bfc062723c751e8b465ee728b)  -> (artifact id: '23e0def13207b0bda98f74955167ab32') in 0.009739 seconds
  Import took 0.012522 seconds .

========================================================================
Received Import Request.
  Time since last request: 0.000145 seconds.
  path: Assets/Prefabs/Tiles/Dirt Tile.prefab
  artifactKey: Guid(a23db8bbd3ce8498683cb396eaac1346) Importer(815301076,1909f56bfc062723c751e8b465ee728b)
Start importing Assets/Prefabs/Tiles/Dirt Tile.prefab using Guid(a23db8bbd3ce8498683cb396eaac1346) Importer(815301076,1909f56bfc062723c751e8b465ee728b)  -> (artifact id: '109a42822ca5bc0a593509709094a83e') in 0.007881 seconds
  Import took 0.011349 seconds .

========================================================================
Received Import Request.
  Time since last request: 0.000185 seconds.
  path: Assets/Prefabs/Tiles/Dirt Tile 8.prefab
  artifactKey: Guid(6dc9454c3be7042eb8b7302f0dbd0515) Importer(815301076,1909f56bfc062723c751e8b465ee728b)
Start importing Assets/Prefabs/Tiles/Dirt Tile 8.prefab using Guid(6dc9454c3be7042eb8b7302f0dbd0515) Importer(815301076,1909f56bfc062723c751e8b465ee728b)  -> (artifact id: 'ff2fa77cbe873a627882cf8ad763027d') in 0.008517 seconds
  Import took 0.011662 seconds .

========================================================================
Received Import Request.
  Time since last request: 0.000145 seconds.
  path: Assets/Prefabs/Tiles/Grass Tile 7.prefab
  artifactKey: Guid(3697763e6a6bf4830bfb0a984c3d5842) Importer(815301076,1909f56bfc062723c751e8b465ee728b)
Start importing Assets/Prefabs/Tiles/Grass Tile 7.prefab using Guid(3697763e6a6bf4830bfb0a984c3d5842) Importer(815301076,1909f56bfc062723c751e8b465ee728b)  -> (artifact id: '78ee8ef0b25887c6fc560ceb03e33dfc') in 0.008604 seconds
  Import took 0.011417 seconds .

========================================================================
Received Import Request.
  Time since last request: 0.000170 seconds.
  path: Assets/Prefabs/Tiles/Grass Tile 6.prefab
  artifactKey: Guid(e0fbdd3dcdbf94bd181c45162d50b565) Importer(815301076,1909f56bfc062723c751e8b465ee728b)
Start importing Assets/Prefabs/Tiles/Grass Tile 6.prefab using Guid(e0fbdd3dcdbf94bd181c45162d50b565) Importer(815301076,1909f56bfc062723c751e8b465ee728b)  -> (artifact id: '38d8d96cbb0f2577a611b856d3993012') in 0.008858 seconds
  Import took 0.011725 seconds .

========================================================================
Received Import Request.
  Time since last request: 0.000132 seconds.
  path: Assets/Prefabs/Tiles/Grass Tile 25.prefab
  artifactKey: Guid(7b12ed934964d4d8d846c147ad3ca48d) Importer(815301076,1909f56bfc062723c751e8b465ee728b)
Start importing Assets/Prefabs/Tiles/Grass Tile 25.prefab using Guid(7b12ed934964d4d8d846c147ad3ca48d) Importer(815301076,1909f56bfc062723c751e8b465ee728b)  -> (artifact id: '4f941f9a7206511591d0e53f3abd1e31') in 0.007648 seconds
  Import took 0.010422 seconds .

========================================================================
Received Import Request.
  Time since last request: 0.000184 seconds.
  path: Assets/Prefabs/Tiles/Dirt Water Horizontal Tile 15.prefab
  artifactKey: Guid(765a6da9bebb344f19d042f6fa5e1072) Importer(815301076,1909f56bfc062723c751e8b465ee728b)
Start importing Assets/Prefabs/Tiles/Dirt Water Horizontal Tile 15.prefab using Guid(765a6da9bebb344f19d042f6fa5e1072) Importer(815301076,1909f56bfc062723c751e8b465ee728b)  -> (artifact id: '5bc4bde4fa00cbbce4b18e616fe04cd4') in 0.011289 seconds
  Import took 0.014294 seconds .

========================================================================
Received Import Request.
  Time since last request: 0.000169 seconds.
  path: Assets/Prefabs/Tiles/Grass Dirt Tile 5.prefab
  artifactKey: Guid(5bdd4b5bc0207450bb8e597901225e1f) Importer(815301076,1909f56bfc062723c751e8b465ee728b)
Start importing Assets/Prefabs/Tiles/Grass Dirt Tile 5.prefab using Guid(5bdd4b5bc0207450bb8e597901225e1f) Importer(815301076,1909f56bfc062723c751e8b465ee728b)  -> (artifact id: 'a3dd146d20d9dd66ae9a62c7ef885cf6') in 0.007455 seconds
  Import took 0.010370 seconds .

========================================================================
Received Import Request.
  Time since last request: 0.000141 seconds.
  path: Assets/Prefabs/Tiles/Grass Tile 29.prefab
  artifactKey: Guid(52fdaedd7f2654cecbc26ae74680b5bd) Importer(815301076,1909f56bfc062723c751e8b465ee728b)
Start importing Assets/Prefabs/Tiles/Grass Tile 29.prefab using Guid(52fdaedd7f2654cecbc26ae74680b5bd) Importer(815301076,1909f56bfc062723c751e8b465ee728b)  -> (artifact id: '461a115bc4e453b2873d824958961984') in 0.011177 seconds
  Import took 0.014192 seconds .

========================================================================
Received Import Request.
  Time since last request: 0.000158 seconds.
  path: Assets/Prefabs/Tiles/Rock Tile 6.prefab
  artifactKey: Guid(086c5b224ab334fce8636f01f6407bd3) Importer(815301076,1909f56bfc062723c751e8b465ee728b)
Start importing Assets/Prefabs/Tiles/Rock Tile 6.prefab using Guid(086c5b224ab334fce8636f01f6407bd3) Importer(815301076,1909f56bfc062723c751e8b465ee728b)  -> (artifact id: 'd87ddda22d3c947bc8f98fa6b8db1a5c') in 0.009369 seconds
  Import took 0.012559 seconds .

========================================================================
Received Import Request.
  Time since last request: 0.000175 seconds.
  path: Assets/Prefabs/Tiles/Grass Tile 15.prefab
  artifactKey: Guid(08d9a1474a84f480d9887fbfe8734864) Importer(815301076,1909f56bfc062723c751e8b465ee728b)
Start importing Assets/Prefabs/Tiles/Grass Tile 15.prefab using Guid(08d9a1474a84f480d9887fbfe8734864) Importer(815301076,1909f56bfc062723c751e8b465ee728b)  -> (artifact id: '7e239f8a09b533c227c11705356f8841') in 0.008163 seconds
  Import took 0.011734 seconds .

========================================================================
Received Import Request.
  Time since last request: 0.000173 seconds.
  path: Assets/Prefabs/Tiles/Dirt Water Horizontal Tile.prefab
  artifactKey: Guid(4f08d95467048446ca217a5e1a074e9f) Importer(815301076,1909f56bfc062723c751e8b465ee728b)
Start importing Assets/Prefabs/Tiles/Dirt Water Horizontal Tile.prefab using Guid(4f08d95467048446ca217a5e1a074e9f) Importer(815301076,1909f56bfc062723c751e8b465ee728b)  -> (artifact id: '15fa85f0650042f374c5f2f2f3038192') in 0.008284 seconds
  Import took 0.011243 seconds .

========================================================================
Received Import Request.
  Time since last request: 0.000149 seconds.
  path: Assets/Prefabs/Tiles/Grass Tile 20.prefab
  artifactKey: Guid(40f001b42c2cc40098648faf63b72647) Importer(815301076,1909f56bfc062723c751e8b465ee728b)
Start importing Assets/Prefabs/Tiles/Grass Tile 20.prefab using Guid(40f001b42c2cc40098648faf63b72647) Importer(815301076,1909f56bfc062723c751e8b465ee728b)  -> (artifact id: '987f6eda3e23e7afa539debff2a491a8') in 0.007821 seconds
  Import took 0.010601 seconds .

========================================================================
Received Import Request.
  Time since last request: 0.000180 seconds.
  path: Assets/Prefabs/Tiles/Grass Tile 10.prefab
  artifactKey: Guid(31e2b9bc4450d43b08b633c64790585a) Importer(815301076,1909f56bfc062723c751e8b465ee728b)
Start importing Assets/Prefabs/Tiles/Grass Tile 10.prefab using Guid(31e2b9bc4450d43b08b633c64790585a) Importer(815301076,1909f56bfc062723c751e8b465ee728b)  -> (artifact id: 'd6092ba6ad747aed45f633a4c061562b') in 0.008795 seconds
  Import took 0.012143 seconds .

========================================================================
Received Import Request.
  Time since last request: 0.000148 seconds.
  path: Assets/Prefabs/Tiles/Grass Dirt Tile 9.prefab
  artifactKey: Guid(201cf06ba01644f799a99bf9034dce2f) Importer(815301076,1909f56bfc062723c751e8b465ee728b)
Start importing Assets/Prefabs/Tiles/Grass Dirt Tile 9.prefab using Guid(201cf06ba01644f799a99bf9034dce2f) Importer(815301076,1909f56bfc062723c751e8b465ee728b)  -> (artifact id: '7eef9d5c6dc0a57c03601d643d2b575d') in 0.007369 seconds
  Import took 0.010358 seconds .

========================================================================
Received Import Request.
  Time since last request: 0.000160 seconds.
  path: Assets/Prefabs/Tiles/Grass Tile 22.prefab
  artifactKey: Guid(fec10977f803a45e8980b51be53af793) Importer(815301076,1909f56bfc062723c751e8b465ee728b)
Start importing Assets/Prefabs/Tiles/Grass Tile 22.prefab using Guid(fec10977f803a45e8980b51be53af793) Importer(815301076,1909f56bfc062723c751e8b465ee728b)  -> (artifact id: '53c75fffc8274b1484554ca3ab2219f7') in 0.010574 seconds
  Import took 0.013757 seconds .

========================================================================
Received Import Request.
  Time since last request: 0.000238 seconds.
  path: Assets/Prefabs/Tiles/Rock Tile 5.prefab
  artifactKey: Guid(4f2f716e4666340b9a2c4f7886547578) Importer(815301076,1909f56bfc062723c751e8b465ee728b)
Start importing Assets/Prefabs/Tiles/Rock Tile 5.prefab using Guid(4f2f716e4666340b9a2c4f7886547578) Importer(815301076,1909f56bfc062723c751e8b465ee728b)  -> (artifact id: '3037ee81573164887be47e032ea6f336') in 0.008136 seconds
  Import took 0.011114 seconds .

========================================================================
Received Import Request.
  Time since last request: 0.000215 seconds.
  path: Assets/Prefabs/Tiles/Grass Tile 26.prefab
  artifactKey: Guid(8a5866b316bf74f4ab5298f2bbdc6733) Importer(815301076,1909f56bfc062723c751e8b465ee728b)
Start importing Assets/Prefabs/Tiles/Grass Tile 26.prefab using Guid(8a5866b316bf74f4ab5298f2bbdc6733) Importer(815301076,1909f56bfc062723c751e8b465ee728b)  -> (artifact id: 'b2b89a4f3804246c0d73a206698f6ceb') in 0.008655 seconds
  Import took 0.011691 seconds .

========================================================================
Received Import Request.
  Time since last request: 0.000141 seconds.
  path: Assets/Prefabs/Tiles/Grass Dirt Tile 27.prefab
  artifactKey: Guid(5be6cdcaacafc4ce8bb1d1c2f03346d7) Importer(815301076,1909f56bfc062723c751e8b465ee728b)
Start importing Assets/Prefabs/Tiles/Grass Dirt Tile 27.prefab using Guid(5be6cdcaacafc4ce8bb1d1c2f03346d7) Importer(815301076,1909f56bfc062723c751e8b465ee728b)  -> (artifact id: 'ce7342938cf55dcebe42e5e11d6b2205') in 0.007987 seconds
  Import took 0.010563 seconds .

========================================================================
Received Import Request.
  Time since last request: 0.000152 seconds.
  path: Assets/Prefabs/Tiles/Grass Tile 8.prefab
  artifactKey: Guid(e2e9bb6bb81fe4adf9192e5fc75a3451) Importer(815301076,1909f56bfc062723c751e8b465ee728b)
Start importing Assets/Prefabs/Tiles/Grass Tile 8.prefab using Guid(e2e9bb6bb81fe4adf9192e5fc75a3451) Importer(815301076,1909f56bfc062723c751e8b465ee728b)  -> (artifact id: 'f47e70a0b18bc7e52197849ed02d4b25') in 0.011558 seconds
  Import took 0.014718 seconds .

========================================================================
Received Import Request.
  Time since last request: 0.000191 seconds.
  path: Assets/Prefabs/Tiles/Grass Tile 18.prefab
  artifactKey: Guid(d2f909514b7a04974b72a74273f0a415) Importer(815301076,1909f56bfc062723c751e8b465ee728b)
Start importing Assets/Prefabs/Tiles/Grass Tile 18.prefab using Guid(d2f909514b7a04974b72a74273f0a415) Importer(815301076,1909f56bfc062723c751e8b465ee728b)  -> (artifact id: '71434b58d921ebad019debf6282bf578') in 0.008554 seconds
  Import took 0.011233 seconds .

========================================================================
Received Import Request.
  Time since last request: 0.000151 seconds.
  path: Assets/Prefabs/Tiles/Grass Dirt Tile.prefab
  artifactKey: Guid(49c22faf8a72748d99dea0f38834ff0a) Importer(815301076,1909f56bfc062723c751e8b465ee728b)
Start importing Assets/Prefabs/Tiles/Grass Dirt Tile.prefab using Guid(49c22faf8a72748d99dea0f38834ff0a) Importer(815301076,1909f56bfc062723c751e8b465ee728b)  -> (artifact id: '7f6a025ac0065922ad8b76543ba571c5') in 0.008082 seconds
  Import took 0.010674 seconds .

========================================================================
Received Import Request.
  Time since last request: 0.000161 seconds.
  path: Assets/Prefabs/Tiles/Grass Dirt Tile 7.prefab
  artifactKey: Guid(80d8f02148e3f48288fc9dafeabe5210) Importer(815301076,1909f56bfc062723c751e8b465ee728b)
Start importing Assets/Prefabs/Tiles/Grass Dirt Tile 7.prefab using Guid(80d8f02148e3f48288fc9dafeabe5210) Importer(815301076,1909f56bfc062723c751e8b465ee728b)  -> (artifact id: 'daf6db9797e870799d99bed4fad875d0') in 0.011185 seconds
  Import took 0.014365 seconds .

========================================================================
Received Import Request.
  Time since last request: 0.000177 seconds.
  path: Assets/Prefabs/Tiles/Dirt Water Horizontal Tile 1.prefab
  artifactKey: Guid(84dd0a6075ef1419ba4550bfdf506445) Importer(815301076,1909f56bfc062723c751e8b465ee728b)
Start importing Assets/Prefabs/Tiles/Dirt Water Horizontal Tile 1.prefab using Guid(84dd0a6075ef1419ba4550bfdf506445) Importer(815301076,1909f56bfc062723c751e8b465ee728b)  -> (artifact id: 'c12bc5af7c5ae05a47e42b7088132f28') in 0.008144 seconds
  Import took 0.010913 seconds .

========================================================================
Received Import Request.
  Time since last request: 0.000175 seconds.
  path: Assets/Prefabs/Tiles/Dirt Water Horizontal Tile 11.prefab
  artifactKey: Guid(d10db0a96788449d2b42d34f35aebff9) Importer(815301076,1909f56bfc062723c751e8b465ee728b)
Start importing Assets/Prefabs/Tiles/Dirt Water Horizontal Tile 11.prefab using Guid(d10db0a96788449d2b42d34f35aebff9) Importer(815301076,1909f56bfc062723c751e8b465ee728b)  -> (artifact id: '0a08ce7483094bcf3374368309c4afe0') in 0.008025 seconds
  Import took 0.011143 seconds .

========================================================================
Received Import Request.
  Time since last request: 0.000176 seconds.
  path: Assets/Prefabs/Tiles/Rock Tile 7.prefab
  artifactKey: Guid(76d8ee4327a624b808d124aba4b550c6) Importer(815301076,1909f56bfc062723c751e8b465ee728b)
Start importing Assets/Prefabs/Tiles/Rock Tile 7.prefab using Guid(76d8ee4327a624b808d124aba4b550c6) Importer(815301076,1909f56bfc062723c751e8b465ee728b)  -> (artifact id: '7664dc2543365aa41eecfc81d53ff0c3') in 0.006893 seconds
  Import took 0.009918 seconds .

========================================================================
Received Prepare
Registering precompiled user dll's ...
Registered in 0.001196 seconds.
Begin MonoManager ReloadAssembly
Native extension for OSXStandalone target not found
Refreshing native plugins compatible for Editor in 0.35 ms, found 2 plugins.
Preloading 0 native plugins for Editor in 0.00 ms.
Invoked RoslynAnalysisRunner static constructor.
RoslynAnalysisRunner will not be running.
RoslynAnalysisRunner has terminated.
Mono: successfully reloaded assembly
- Completed reload, in  0.925 seconds
Platform modules already initialized, skipping
Refreshing native plugins compatible for Editor in 0.33 ms, found 2 plugins.
Preloading 0 native plugins for Editor in 0.00 ms.
Unloading 1803 Unused Serialized files (Serialized files now loaded: 0)
System memory in use before: 156.7 MB.
System memory in use after: 156.8 MB.

Unloading 8 unused Assets to reduce memory usage. Loaded Objects now: 2271.
Total: 1.976736 ms (FindLiveObjects: 0.202980 ms CreateObjectMapping: 0.056763 ms MarkObjects: 1.703094 ms  DeleteObjects: 0.013219 ms)

========================================================================
Received Prepare
Registering precompiled user dll's ...
Registered in 0.000734 seconds.
Begin MonoManager ReloadAssembly
Native extension for OSXStandalone target not found
Refreshing native plugins compatible for Editor in 0.40 ms, found 2 plugins.
Preloading 0 native plugins for Editor in 0.00 ms.
Invoked RoslynAnalysisRunner static constructor.
RoslynAnalysisRunner will not be running.
RoslynAnalysisRunner has terminated.
Mono: successfully reloaded assembly
- Completed reload, in  0.969 seconds
Platform modules already initialized, skipping
Refreshing native plugins compatible for Editor in 0.29 ms, found 2 plugins.
Preloading 0 native plugins for Editor in 0.00 ms.
Unloading 1803 Unused Serialized files (Serialized files now loaded: 0)
System memory in use before: 156.9 MB.
System memory in use after: 157.0 MB.

Unloading 8 unused Assets to reduce memory usage. Loaded Objects now: 2273.
Total: 2.184750 ms (FindLiveObjects: 0.182703 ms CreateObjectMapping: 0.074307 ms MarkObjects: 1.909521 ms  DeleteObjects: 0.016693 ms)

========================================================================
Received Prepare
Registering precompiled user dll's ...
Registered in 0.000490 seconds.
Begin MonoManager ReloadAssembly
Native extension for OSXStandalone target not found
Refreshing native plugins compatible for Editor in 0.41 ms, found 2 plugins.
Preloading 0 native plugins for Editor in 0.00 ms.
Invoked RoslynAnalysisRunner static constructor.
RoslynAnalysisRunner will not be running.
RoslynAnalysisRunner has terminated.
Mono: successfully reloaded assembly
- Completed reload, in  0.985 seconds
Platform modules already initialized, skipping
Refreshing native plugins compatible for Editor in 0.31 ms, found 2 plugins.
Preloading 0 native plugins for Editor in 0.00 ms.
Unloading 1791 Unused Serialized files (Serialized files now loaded: 0)
System memory in use before: 156.9 MB.
System memory in use after: 156.9 MB.

Unloading 8 unused Assets to reduce memory usage. Loaded Objects now: 2275.
Total: 2.070406 ms (FindLiveObjects: 0.298158 ms CreateObjectMapping: 0.118029 ms MarkObjects: 1.635527 ms  DeleteObjects: 0.017627 ms)

========================================================================
Received Import Request.
  Time since last request: 185.859777 seconds.
  path: Assets/Script/Ex0304
  artifactKey: Guid(6a4c42ef31a894f9f96a379df311a268) Importer(815301076,1909f56bfc062723c751e8b465ee728b)
Start importing Assets/Script/Ex0304 using Guid(6a4c42ef31a894f9f96a379df311a268) Importer(815301076,1909f56bfc062723c751e8b465ee728b)  -> (artifact id: '46f09c80ae3d162cb08b9a316b87fdbb') in 0.003492 seconds
  Import took 0.007033 seconds .

========================================================================
Received Prepare
Registering precompiled user dll's ...
Registered in 0.000604 seconds.
Begin MonoManager ReloadAssembly
Native extension for OSXStandalone target not found
Refreshing native plugins compatible for Editor in 0.49 ms, found 2 plugins.
Preloading 0 native plugins for Editor in 0.00 ms.
Invoked RoslynAnalysisRunner static constructor.
RoslynAnalysisRunner will not be running.
RoslynAnalysisRunner has terminated.
Mono: successfully reloaded assembly
- Completed reload, in  1.154 seconds
Platform modules already initialized, skipping
Refreshing native plugins compatible for Editor in 0.37 ms, found 2 plugins.
Preloading 0 native plugins for Editor in 0.00 ms.
Unloading 1791 Unused Serialized files (Serialized files now loaded: 0)
System memory in use before: 157.0 MB.
System memory in use after: 157.1 MB.

Unloading 8 unused Assets to reduce memory usage. Loaded Objects now: 2277.
Total: 2.097664 ms (FindLiveObjects: 0.186168 ms CreateObjectMapping: 0.080777 ms MarkObjects: 1.813650 ms  DeleteObjects: 0.014940 ms)

========================================================================
Received Import Request.
  Time since last request: 36.922312 seconds.
  path: Assets/Prefabs/Orc Building 4.prefab
  artifactKey: Guid(54d3e440c793b43adadff3ac515c47d9) Importer(815301076,1909f56bfc062723c751e8b465ee728b)
Start importing Assets/Prefabs/Orc Building 4.prefab using Guid(54d3e440c793b43adadff3ac515c47d9) Importer(815301076,1909f56bfc062723c751e8b465ee728b)  -> (artifact id: '766ae1358913feea94a5a80b57a83aa3') in 0.068767 seconds
  Import took 0.072522 seconds .

========================================================================
Received Import Request.
  Time since last request: 285.703326 seconds.
  path: Assets/Prefabs/Orc Building 4.prefab
  artifactKey: Guid(54d3e440c793b43adadff3ac515c47d9) Importer(815301076,1909f56bfc062723c751e8b465ee728b)
Start importing Assets/Prefabs/Orc Building 4.prefab using Guid(54d3e440c793b43adadff3ac515c47d9) Importer(815301076,1909f56bfc062723c751e8b465ee728b)  -> (artifact id: '651693e23219d6624158a25fa60156ec') in 0.011765 seconds
  Import took 0.015087 seconds .

========================================================================
Received Prepare
Registering precompiled user dll's ...
Registered in 0.000484 seconds.
Begin MonoManager ReloadAssembly
Native extension for OSXStandalone target not found
Refreshing native plugins compatible for Editor in 0.39 ms, found 2 plugins.
Preloading 0 native plugins for Editor in 0.00 ms.
Invoked RoslynAnalysisRunner static constructor.
RoslynAnalysisRunner will not be running.
RoslynAnalysisRunner has terminated.
Mono: successfully reloaded assembly
- Completed reload, in  0.923 seconds
Platform modules already initialized, skipping
Refreshing native plugins compatible for Editor in 0.33 ms, found 2 plugins.
Preloading 0 native plugins for Editor in 0.00 ms.
Unloading 1791 Unused Serialized files (Serialized files now loaded: 0)
System memory in use before: 157.3 MB.
System memory in use after: 157.4 MB.

Unloading 8 unused Assets to reduce memory usage. Loaded Objects now: 2280.
Total: 2.074951 ms (FindLiveObjects: 0.192156 ms CreateObjectMapping: 0.079032 ms MarkObjects: 1.787340 ms  DeleteObjects: 0.015253 ms)

========================================================================
Received Import Request.
  Time since last request: 329.115230 seconds.
  path: Assets/annimation/ex03
  artifactKey: Guid(39ba04116ec244454bfb317729c0a858) Importer(815301076,1909f56bfc062723c751e8b465ee728b)
Start importing Assets/annimation/ex03 using Guid(39ba04116ec244454bfb317729c0a858) Importer(815301076,1909f56bfc062723c751e8b465ee728b)  -> (artifact id: 'a9fb9bf44b987de13d22291c0073c231') in 0.004726 seconds
  Import took 0.007962 seconds .

========================================================================
Received Import Request.
  Time since last request: 10.021235 seconds.
  path: Assets/Prefabs
  artifactKey: Guid(3eb96c1ea6103084fbd5f581e7a0e19f) Importer(815301076,1909f56bfc062723c751e8b465ee728b)
Start importing Assets/Prefabs using Guid(3eb96c1ea6103084fbd5f581e7a0e19f) Importer(815301076,1909f56bfc062723c751e8b465ee728b)  -> (artifact id: '4c71c8121e7985128ebabd7fad60327f') in 0.001091 seconds
  Import took 0.005005 seconds .

========================================================================
Received Import Request.
  Time since last request: 0.810127 seconds.
  path: Assets/Sounds
  artifactKey: Guid(72ce493aa2f36364a97d17d2f283d5a0) Importer(815301076,1909f56bfc062723c751e8b465ee728b)
Start importing Assets/Sounds using Guid(72ce493aa2f36364a97d17d2f283d5a0) Importer(815301076,1909f56bfc062723c751e8b465ee728b)  -> (artifact id: 'ead651163fdb59d82bb6125c17552f31') in 0.001087 seconds
  Import took 0.005049 seconds .

========================================================================
Received Prepare
Registering precompiled user dll's ...
Registered in 0.000834 seconds.
Begin MonoManager ReloadAssembly
Native extension for OSXStandalone target not found
Refreshing native plugins compatible for Editor in 0.40 ms, found 2 plugins.
Preloading 0 native plugins for Editor in 0.00 ms.
Invoked RoslynAnalysisRunner static constructor.
RoslynAnalysisRunner will not be running.
RoslynAnalysisRunner has terminated.
Mono: successfully reloaded assembly
- Completed reload, in  0.927 seconds
Platform modules already initialized, skipping
Refreshing native plugins compatible for Editor in 0.35 ms, found 2 plugins.
Preloading 0 native plugins for Editor in 0.00 ms.
Unloading 1791 Unused Serialized files (Serialized files now loaded: 0)
System memory in use before: 157.5 MB.
System memory in use after: 157.6 MB.

Unloading 8 unused Assets to reduce memory usage. Loaded Objects now: 2282.
Total: 2.130943 ms (FindLiveObjects: 0.210301 ms CreateObjectMapping: 0.080919 ms MarkObjects: 1.821349 ms  DeleteObjects: 0.017027 ms)

========================================================================
Received Import Request.
  Time since last request: 7.467721 seconds.
  path: Assets/Editor
  artifactKey: Guid(a12126311e827bb4d9e2537e648900ee) Importer(815301076,1909f56bfc062723c751e8b465ee728b)
Start importing Assets/Editor using Guid(a12126311e827bb4d9e2537e648900ee) Importer(815301076,1909f56bfc062723c751e8b465ee728b)  -> (artifact id: '365709c1c115ded0be2cbbe9cb0433f2') in 0.005027 seconds
  Import took 0.010840 seconds .

========================================================================
Received Prepare
Registering precompiled user dll's ...
Registered in 0.000953 seconds.
Begin MonoManager ReloadAssembly
Native extension for OSXStandalone target not found
Refreshing native plugins compatible for Editor in 0.40 ms, found 2 plugins.
Preloading 0 native plugins for Editor in 0.00 ms.
Invoked RoslynAnalysisRunner static constructor.
RoslynAnalysisRunner will not be running.
RoslynAnalysisRunner has terminated.
Mono: successfully reloaded assembly
- Completed reload, in  0.959 seconds
Platform modules already initialized, skipping
Refreshing native plugins compatible for Editor in 0.34 ms, found 2 plugins.
Preloading 0 native plugins for Editor in 0.00 ms.
Unloading 1791 Unused Serialized files (Serialized files now loaded: 0)
System memory in use before: 157.7 MB.
System memory in use after: 157.8 MB.

Unloading 8 unused Assets to reduce memory usage. Loaded Objects now: 2284.
Total: 2.078833 ms (FindLiveObjects: 0.201673 ms CreateObjectMapping: 0.078425 ms MarkObjects: 1.780766 ms  DeleteObjects: 0.016633 ms)

========================================================================
Received Prepare
Registering precompiled user dll's ...
Registered in 0.000841 seconds.
Begin MonoManager ReloadAssembly
Native extension for OSXStandalone target not found
Refreshing native plugins compatible for Editor in 0.40 ms, found 2 plugins.
Preloading 0 native plugins for Editor in 0.00 ms.
Invoked RoslynAnalysisRunner static constructor.
RoslynAnalysisRunner will not be running.
RoslynAnalysisRunner has terminated.
Mono: successfully reloaded assembly
- Completed reload, in  0.900 seconds
Platform modules already initialized, skipping
Refreshing native plugins compatible for Editor in 0.33 ms, found 2 plugins.
Preloading 0 native plugins for Editor in 0.00 ms.
Unloading 1791 Unused Serialized files (Serialized files now loaded: 0)
System memory in use before: 157.8 MB.
System memory in use after: 157.9 MB.

Unloading 8 unused Assets to reduce memory usage. Loaded Objects now: 2286.
Total: 2.005960 ms (FindLiveObjects: 0.192484 ms CreateObjectMapping: 0.077371 ms MarkObjects: 1.718406 ms  DeleteObjects: 0.016645 ms)

========================================================================
Received Import Request.
  Time since last request: 47.298864 seconds.
  path: Assets
  artifactKey: Guid(00000000000000001000000000000000) Importer(815301076,1909f56bfc062723c751e8b465ee728b)
Start importing Assets using Guid(00000000000000001000000000000000) Importer(815301076,1909f56bfc062723c751e8b465ee728b)  -> (artifact id: 'e56ae601e204cce32421c30cbf5eb9a5') in 0.003266 seconds
  Import took 0.006734 seconds .

========================================================================
Received Import Request.
  Time since last request: 0.010576 seconds.
  path: Assets
  artifactKey: Guid(00000000000000001000000000000000) Importer(815301076,1909f56bfc062723c751e8b465ee728b)
Start importing Assets using Guid(00000000000000001000000000000000) Importer(815301076,1909f56bfc062723c751e8b465ee728b)  -> (artifact id: 'e56ae601e204cce32421c30cbf5eb9a5') in 0.000907 seconds
  Import took 0.003504 seconds .

========================================================================
Received Prepare
Registering precompiled user dll's ...
Registered in 0.001309 seconds.
Begin MonoManager ReloadAssembly
Native extension for OSXStandalone target not found
Refreshing native plugins compatible for Editor in 0.42 ms, found 2 plugins.
Preloading 0 native plugins for Editor in 0.00 ms.
Invoked RoslynAnalysisRunner static constructor.
RoslynAnalysisRunner will not be running.
RoslynAnalysisRunner has terminated.
Mono: successfully reloaded assembly
- Completed reload, in  1.039 seconds
Platform modules already initialized, skipping
Refreshing native plugins compatible for Editor in 0.32 ms, found 2 plugins.
Preloading 0 native plugins for Editor in 0.00 ms.
Unloading 1791 Unused Serialized files (Serialized files now loaded: 0)
System memory in use before: 158.0 MB.
System memory in use after: 158.1 MB.

Unloading 8 unused Assets to reduce memory usage. Loaded Objects now: 2288.
Total: 1.836502 ms (FindLiveObjects: 0.213079 ms CreateObjectMapping: 0.068336 ms MarkObjects: 1.541071 ms  DeleteObjects: 0.013130 ms)

========================================================================
Received Prepare
Registering precompiled user dll's ...
Registered in 0.000835 seconds.
Begin MonoManager ReloadAssembly
Native extension for OSXStandalone target not found
Refreshing native plugins compatible for Editor in 0.40 ms, found 2 plugins.
Preloading 0 native plugins for Editor in 0.00 ms.
Invoked RoslynAnalysisRunner static constructor.
RoslynAnalysisRunner will not be running.
RoslynAnalysisRunner has terminated.
Mono: successfully reloaded assembly
- Completed reload, in  1.008 seconds
Platform modules already initialized, skipping
Refreshing native plugins compatible for Editor in 0.31 ms, found 2 plugins.
Preloading 0 native plugins for Editor in 0.00 ms.
Unloading 1791 Unused Serialized files (Serialized files now loaded: 0)
System memory in use before: 158.2 MB.
System memory in use after: 158.3 MB.

Unloading 8 unused Assets to reduce memory usage. Loaded Objects now: 2290.
Total: 1.993795 ms (FindLiveObjects: 0.177422 ms CreateObjectMapping: 0.066276 ms MarkObjects: 1.735295 ms  DeleteObjects: 0.014024 ms)

========================================================================
Received Prepare
Registering precompiled user dll's ...
Registered in 0.000827 seconds.
Begin MonoManager ReloadAssembly
Native extension for OSXStandalone target not found
Refreshing native plugins compatible for Editor in 0.40 ms, found 2 plugins.
Preloading 0 native plugins for Editor in 0.00 ms.
Invoked RoslynAnalysisRunner static constructor.
RoslynAnalysisRunner will not be running.
RoslynAnalysisRunner has terminated.
Mono: successfully reloaded assembly
- Completed reload, in  0.976 seconds
Platform modules already initialized, skipping
Refreshing native plugins compatible for Editor in 0.33 ms, found 2 plugins.
Preloading 0 native plugins for Editor in 0.00 ms.
Unloading 1791 Unused Serialized files (Serialized files now loaded: 0)
System memory in use before: 158.4 MB.
System memory in use after: 158.5 MB.

Unloading 8 unused Assets to reduce memory usage. Loaded Objects now: 2292.
Total: 2.158055 ms (FindLiveObjects: 0.232528 ms CreateObjectMapping: 0.087742 ms MarkObjects: 1.821370 ms  DeleteObjects: 0.014798 ms)

========================================================================
Received Prepare
Registering precompiled user dll's ...
Registered in 0.000490 seconds.
Begin MonoManager ReloadAssembly
Native extension for OSXStandalone target not found
Refreshing native plugins compatible for Editor in 0.39 ms, found 2 plugins.
Preloading 0 native plugins for Editor in 0.00 ms.
Invoked RoslynAnalysisRunner static constructor.
RoslynAnalysisRunner will not be running.
RoslynAnalysisRunner has terminated.
Mono: successfully reloaded assembly
- Completed reload, in  0.912 seconds
Platform modules already initialized, skipping
Refreshing native plugins compatible for Editor in 0.34 ms, found 2 plugins.
Preloading 0 native plugins for Editor in 0.00 ms.
Unloading 1791 Unused Serialized files (Serialized files now loaded: 0)
System memory in use before: 158.6 MB.
System memory in use after: 158.7 MB.

Unloading 8 unused Assets to reduce memory usage. Loaded Objects now: 2294.
Total: 4.265537 ms (FindLiveObjects: 0.412553 ms CreateObjectMapping: 0.214930 ms MarkObjects: 3.609442 ms  DeleteObjects: 0.025900 ms)

========================================================================
Received Prepare
Registering precompiled user dll's ...
Registered in 0.000947 seconds.
Begin MonoManager ReloadAssembly
Native extension for OSXStandalone target not found
Refreshing native plugins compatible for Editor in 0.43 ms, found 2 plugins.
Preloading 0 native plugins for Editor in 0.00 ms.
Invoked RoslynAnalysisRunner static constructor.
RoslynAnalysisRunner will not be running.
RoslynAnalysisRunner has terminated.
Mono: successfully reloaded assembly
- Completed reload, in  0.949 seconds
Platform modules already initialized, skipping
Refreshing native plugins compatible for Editor in 0.30 ms, found 2 plugins.
Preloading 0 native plugins for Editor in 0.00 ms.
Unloading 1791 Unused Serialized files (Serialized files now loaded: 0)
System memory in use before: 158.8 MB.
System memory in use after: 158.9 MB.

Unloading 8 unused Assets to reduce memory usage. Loaded Objects now: 2296.
Total: 1.868234 ms (FindLiveObjects: 0.188725 ms CreateObjectMapping: 0.068354 ms MarkObjects: 1.596964 ms  DeleteObjects: 0.013263 ms)

========================================================================
Received Prepare
Registering precompiled user dll's ...
Registered in 0.000677 seconds.
Begin MonoManager ReloadAssembly
Native extension for OSXStandalone target not found
Refreshing native plugins compatible for Editor in 0.52 ms, found 2 plugins.
Preloading 0 native plugins for Editor in 0.00 ms.
Invoked RoslynAnalysisRunner static constructor.
RoslynAnalysisRunner will not be running.
RoslynAnalysisRunner has terminated.
Mono: successfully reloaded assembly
- Completed reload, in  0.984 seconds
Platform modules already initialized, skipping
Refreshing native plugins compatible for Editor in 0.31 ms, found 2 plugins.
Preloading 0 native plugins for Editor in 0.00 ms.
Unloading 1791 Unused Serialized files (Serialized files now loaded: 0)
System memory in use before: 159.0 MB.
System memory in use after: 159.1 MB.

Unloading 8 unused Assets to reduce memory usage. Loaded Objects now: 2298.
Total: 1.858625 ms (FindLiveObjects: 0.177881 ms CreateObjectMapping: 0.064098 ms MarkObjects: 1.600337 ms  DeleteObjects: 0.015116 ms)

========================================================================
Received Import Request.
  Time since last request: 1461.300488 seconds.
  path: Assets/Scenes/ex03.unity
  artifactKey: Guid(7816c9c43493e4b1aa2742ca1af5a655) Importer(815301076,1909f56bfc062723c751e8b465ee728b)
Start importing Assets/Scenes/ex03.unity using Guid(7816c9c43493e4b1aa2742ca1af5a655) Importer(815301076,1909f56bfc062723c751e8b465ee728b)  -> (artifact id: '85eeb604388a25ef924bff20fb18ea5f') in 0.012638 seconds
  Import took 0.016363 seconds .

========================================================================
Received Import Request.
  Time since last request: 33.568986 seconds.
  path: Assets/ex03/Prefabs/Selected Source.png
  artifactKey: Guid(b45d73e9d0842450e9d6a34b09d5c69e) Importer(815301076,1909f56bfc062723c751e8b465ee728b)
Start importing Assets/ex03/Prefabs/Selected Source.png using Guid(b45d73e9d0842450e9d6a34b09d5c69e) Importer(815301076,1909f56bfc062723c751e8b465ee728b)  -> (artifact id: '1ce70081577f9b5abc4bf758004aded1') in 0.462850 seconds
  Import took 0.467040 seconds .

========================================================================
Received Prepare
Registering precompiled user dll's ...
Registered in 0.000858 seconds.
Begin MonoManager ReloadAssembly
Native extension for OSXStandalone target not found
Refreshing native plugins compatible for Editor in 0.41 ms, found 2 plugins.
Preloading 0 native plugins for Editor in 0.00 ms.
Invoked RoslynAnalysisRunner static constructor.
RoslynAnalysisRunner will not be running.
RoslynAnalysisRunner has terminated.
Mono: successfully reloaded assembly
- Completed reload, in  1.062 seconds
Platform modules already initialized, skipping
Refreshing native plugins compatible for Editor in 0.32 ms, found 2 plugins.
Preloading 0 native plugins for Editor in 0.00 ms.
Unloading 1791 Unused Serialized files (Serialized files now loaded: 0)
System memory in use before: 163.4 MB.
System memory in use after: 163.5 MB.

Unloading 8 unused Assets to reduce memory usage. Loaded Objects now: 2302.
Total: 2.779657 ms (FindLiveObjects: 0.266361 ms CreateObjectMapping: 0.098320 ms MarkObjects: 2.386175 ms  DeleteObjects: 0.027482 ms)

========================================================================
Received Import Request.
  Time since last request: 70.428144 seconds.
  path: Assets/ex03/Prefabs/Orc Building 4.prefab
  artifactKey: Guid(54d3e440c793b43adadff3ac515c47d9) Importer(815301076,1909f56bfc062723c751e8b465ee728b)
Start importing Assets/ex03/Prefabs/Orc Building 4.prefab using Guid(54d3e440c793b43adadff3ac515c47d9) Importer(815301076,1909f56bfc062723c751e8b465ee728b)  -> (artifact id: 'b9a2113d3f35e17c779b7f855eb7b659') in 0.112011 seconds
  Import took 0.115543 seconds .

========================================================================
Received Prepare
Registering precompiled user dll's ...
Registered in 0.001000 seconds.
Begin MonoManager ReloadAssembly
Native extension for OSXStandalone target not found
Refreshing native plugins compatible for Editor in 0.40 ms, found 2 plugins.
Preloading 0 native plugins for Editor in 0.00 ms.
Invoked RoslynAnalysisRunner static constructor.
RoslynAnalysisRunner will not be running.
RoslynAnalysisRunner has terminated.
Mono: successfully reloaded assembly
- Completed reload, in  0.964 seconds
Platform modules already initialized, skipping
Refreshing native plugins compatible for Editor in 0.36 ms, found 2 plugins.
Preloading 0 native plugins for Editor in 0.00 ms.
Unloading 1791 Unused Serialized files (Serialized files now loaded: 0)
System memory in use before: 163.6 MB.
System memory in use after: 163.7 MB.

Unloading 8 unused Assets to reduce memory usage. Loaded Objects now: 2305.
Total: 3.175987 ms (FindLiveObjects: 0.293960 ms CreateObjectMapping: 0.148215 ms MarkObjects: 2.712033 ms  DeleteObjects: 0.019807 ms)

