Using pre-set license

 COMMAND LINE ARGUMENTS:
/Applications/Unity/Hub/Editor/2020.2.2f1/Unity.app/Contents/MacOS/Unity
-adb2
-batchMode
-noUpm
-name
AssetImportWorker17
-projectPath
/Users/tvitoux/42/unity/Pisc-unity/d02/_d02
-logFile
Logs/AssetImportWorker17.log
-srvPort
65100
Successfully changed project path to: /Users/tvitoux/42/unity/Pisc-unity/d02/_d02
/Users/tvitoux/42/unity/Pisc-unity/d02/_d02
Using Asset Import Pipeline V2.
Refreshing native plugins compatible for Editor in 169.61 ms, found 2 plugins.
Preloading 0 native plugins for Editor in 0.00 ms.
Initialize engine version: 2020.2.2f1 (068178b99f32)
[Subsystems] Discovering subsystems at path /Applications/Unity/Hub/Editor/2020.2.2f1/Unity.app/Contents/Resources/UnitySubsystems
[Subsystems] Discovering subsystems at path /Users/tvitoux/42/unity/Pisc-unity/d02/_d02/Assets
GfxDevice: creating device client; threaded=0
2021-03-04 10:33:57.053 Unity[29840:1747507] iMac preferred device: Intel Iris Pro Graphics (low power)
2021-03-04 10:33:57.053 Unity[29840:1747507] Metal devices available: 1
2021-03-04 10:33:57.053 Unity[29840:1747507] 0: Intel Iris Pro Graphics (low power)
2021-03-04 10:33:57.053 Unity[29840:1747507] Using device Intel Iris Pro Graphics (low power)
Initializing Metal device caps: Intel Iris Pro Graphics
Initialize mono
Mono path[0] = '/Applications/Unity/Hub/Editor/2020.2.2f1/Unity.app/Contents/Managed'
Mono path[1] = '/Applications/Unity/Hub/Editor/2020.2.2f1/Unity.app/Contents/MonoBleedingEdge/lib/mono/unityjit'
Mono config path = '/Applications/Unity/Hub/Editor/2020.2.2f1/Unity.app/Contents/MonoBleedingEdge/etc'
Using monoOptions --debugger-agent=transport=dt_socket,embedding=1,server=y,suspend=n,address=127.0.0.1:56840
Begin MonoManager ReloadAssembly
Registering precompiled unity dll's ...
Register platform support module: /Applications/Unity/Hub/Editor/2020.2.2f1/Unity.app/Contents/PlaybackEngines/MacStandaloneSupport/UnityEditor.OSXStandalone.Extensions.dll
Registered in 0.000596 seconds.
Native extension for OSXStandalone target not found
Refreshing native plugins compatible for Editor in 49.89 ms, found 2 plugins.
Preloading 0 native plugins for Editor in 0.00 ms.
Invoked RoslynAnalysisRunner static constructor.
RoslynAnalysisRunner will not be running.
RoslynAnalysisRunner has terminated.
Mono: successfully reloaded assembly
- Completed reload, in  2.172 seconds
Platform modules already initialized, skipping
Registering precompiled user dll's ...
Registered in 0.017479 seconds.
