Using pre-set license

 COMMAND LINE ARGUMENTS:
/Applications/Unity/Hub/Editor/2020.2.2f1/Unity.app/Contents/MacOS/Unity
-adb2
-batchMode
-noUpm
-name
AssetImportWorker18
-projectPath
/Users/tvitoux/42/unity/Pisc-unity/d02/_d02
-logFile
Logs/AssetImportWorker18.log
-srvPort
65100
Successfully changed project path to: /Users/tvitoux/42/unity/Pisc-unity/d02/_d02
/Users/tvitoux/42/unity/Pisc-unity/d02/_d02
Using Asset Import Pipeline V2.
Refreshing native plugins compatible for Editor in 48.73 ms, found 2 plugins.
Preloading 0 native plugins for Editor in 0.00 ms.
Initialize engine version: 2020.2.2f1 (068178b99f32)
[Subsystems] Discovering subsystems at path /Applications/Unity/Hub/Editor/2020.2.2f1/Unity.app/Contents/Resources/UnitySubsystems
[Subsystems] Discovering subsystems at path /Users/tvitoux/42/unity/Pisc-unity/d02/_d02/Assets
GfxDevice: creating device client; threaded=0
2021-03-04 10:34:22.658 Unity[29844:1747728] iMac preferred device: Intel Iris Pro Graphics (low power)
2021-03-04 10:34:22.658 Unity[29844:1747728] Metal devices available: 1
2021-03-04 10:34:22.658 Unity[29844:1747728] 0: Intel Iris Pro Graphics (low power)
2021-03-04 10:34:22.659 Unity[29844:1747728] Using device Intel Iris Pro Graphics (low power)
Initializing Metal device caps: Intel Iris Pro Graphics
Initialize mono
Mono path[0] = '/Applications/Unity/Hub/Editor/2020.2.2f1/Unity.app/Contents/Managed'
Mono path[1] = '/Applications/Unity/Hub/Editor/2020.2.2f1/Unity.app/Contents/MonoBleedingEdge/lib/mono/unityjit'
Mono config path = '/Applications/Unity/Hub/Editor/2020.2.2f1/Unity.app/Contents/MonoBleedingEdge/etc'
Using monoOptions --debugger-agent=transport=dt_socket,embedding=1,server=y,suspend=n,address=127.0.0.1:56844
Begin MonoManager ReloadAssembly
Registering precompiled unity dll's ...
Register platform support module: /Applications/Unity/Hub/Editor/2020.2.2f1/Unity.app/Contents/PlaybackEngines/MacStandaloneSupport/UnityEditor.OSXStandalone.Extensions.dll
Registered in 0.000636 seconds.
Native extension for OSXStandalone target not found
Refreshing native plugins compatible for Editor in 48.87 ms, found 2 plugins.
Preloading 0 native plugins for Editor in 0.00 ms.
Invoked RoslynAnalysisRunner static constructor.
RoslynAnalysisRunner will not be running.
RoslynAnalysisRunner has terminated.
Mono: successfully reloaded assembly
- Completed reload, in  2.952 seconds
Platform modules already initialized, skipping
Registering precompiled user dll's ...
Registered in 0.000601 seconds.
Begin MonoManager ReloadAssembly
Native extension for OSXStandalone target not found
Refreshing native plugins compatible for Editor in 50.42 ms, found 2 plugins.
Preloading 0 native plugins for Editor in 0.00 ms.
Invoked RoslynAnalysisRunner static constructor.
RoslynAnalysisRunner will not be running.
RoslynAnalysisRunner has terminated.
Mono: successfully reloaded assembly
- Completed reload, in  2.300 seconds
Platform modules already initialized, skipping
========================================================================
Worker process is ready to serve import requests
Launching external process: /Applications/Unity/Hub/Editor/2020.2.2f1/Unity.app/Contents/Tools/UnityShaderCompiler
Launched and connected shader compiler UnityShaderCompiler after 0.21 seconds
Refreshing native plugins compatible for Editor in 0.61 ms, found 2 plugins.
Preloading 0 native plugins for Editor in 0.00 ms.
Unloading 1817 Unused Serialized files (Serialized files now loaded: 0)
System memory in use before: 141.6 MB.
System memory in use after: 141.6 MB.

Unloading 19 unused Assets to reduce memory usage. Loaded Objects now: 2264.
Total: 3.357422 ms (FindLiveObjects: 0.347061 ms CreateObjectMapping: 0.200467 ms MarkObjects: 2.688716 ms  DeleteObjects: 0.119370 ms)

========================================================================
Received Import Request.
  path: Assets/ex04/Prefabs/orc.prefab
  artifactKey: Guid(d4f9fc69b85b64f8f8d0ab2742edddf1) Importer(815301076,1909f56bfc062723c751e8b465ee728b)
Start importing Assets/ex04/Prefabs/orc.prefab using Guid(d4f9fc69b85b64f8f8d0ab2742edddf1) Importer(815301076,1909f56bfc062723c751e8b465ee728b)  -> (artifact id: 'ecce7546838a7ba04c8af9d44627b596') in 2.580616 seconds
  Import took 2.709274 seconds .

========================================================================
Received Import Request.
  Time since last request: 0.000352 seconds.
  path: Assets/ex04/Prefabs/Orc Forum.prefab
  artifactKey: Guid(fa2804eb5af4d44a7ad4b75b126be3a8) Importer(815301076,1909f56bfc062723c751e8b465ee728b)
Start importing Assets/ex04/Prefabs/Orc Forum.prefab using Guid(fa2804eb5af4d44a7ad4b75b126be3a8) Importer(815301076,1909f56bfc062723c751e8b465ee728b)  -> (artifact id: '80821d7cbe63c7f0c1372bc7d8ddd5b2') in 0.321378 seconds
  Import took 0.381832 seconds .

========================================================================
Received Import Request.
  Time since last request: 288.065940 seconds.
  path: Assets/ex04/Script/Orc/OrcForum.cs
  artifactKey: Guid(026310bea044542f196565186d7407e8) Importer(815301076,1909f56bfc062723c751e8b465ee728b)
Start importing Assets/ex04/Script/Orc/OrcForum.cs using Guid(026310bea044542f196565186d7407e8) Importer(815301076,1909f56bfc062723c751e8b465ee728b)  -> (artifact id: 'd0508a93bd1c4e99045c17e92753b39c') in 0.535177 seconds
  Import took 0.578667 seconds .

========================================================================
Received Import Request.
  Time since last request: 512.970442 seconds.
  path: Assets/ex04/Script/Sound/HvFootmanAttackedSound.cs
  artifactKey: Guid(59383936c7c8d4ca88e2f03e4c1c4665) Importer(815301076,1909f56bfc062723c751e8b465ee728b)
Start importing Assets/ex04/Script/Sound/HvFootmanAttackedSound.cs using Guid(59383936c7c8d4ca88e2f03e4c1c4665) Importer(815301076,1909f56bfc062723c751e8b465ee728b)  -> (artifact id: 'd92bc07ed730fcea3c6b6079805cf803') in 0.058708 seconds
  Import took 0.112503 seconds .

========================================================================
Received Prepare
Registering precompiled user dll's ...
Registered in 0.022759 seconds.
Begin MonoManager ReloadAssembly
Native extension for OSXStandalone target not found
Refreshing native plugins compatible for Editor in 0.61 ms, found 2 plugins.
Preloading 0 native plugins for Editor in 0.00 ms.
Invoked RoslynAnalysisRunner static constructor.
RoslynAnalysisRunner will not be running.
RoslynAnalysisRunner has terminated.
Mono: successfully reloaded assembly
- Completed reload, in  2.457 seconds
Platform modules already initialized, skipping
Refreshing native plugins compatible for Editor in 0.64 ms, found 2 plugins.
Preloading 0 native plugins for Editor in 0.00 ms.
Unloading 1808 Unused Serialized files (Serialized files now loaded: 0)
System memory in use before: 153.7 MB.
System memory in use after: 153.8 MB.

Unloading 8 unused Assets to reduce memory usage. Loaded Objects now: 2274.
Total: 2.703909 ms (FindLiveObjects: 0.307883 ms CreateObjectMapping: 0.111789 ms MarkObjects: 2.253021 ms  DeleteObjects: 0.029976 ms)

========================================================================
Received Prepare
Registering precompiled user dll's ...
Registered in 0.017558 seconds.
Begin MonoManager ReloadAssembly
Native extension for OSXStandalone target not found
Refreshing native plugins compatible for Editor in 0.45 ms, found 2 plugins.
Preloading 0 native plugins for Editor in 0.00 ms.
Invoked RoslynAnalysisRunner static constructor.
RoslynAnalysisRunner will not be running.
RoslynAnalysisRunner has terminated.
Mono: successfully reloaded assembly
- Completed reload, in  1.495 seconds
Platform modules already initialized, skipping
Refreshing native plugins compatible for Editor in 0.44 ms, found 2 plugins.
Preloading 0 native plugins for Editor in 0.00 ms.
Unloading 1808 Unused Serialized files (Serialized files now loaded: 0)
System memory in use before: 154.1 MB.
System memory in use after: 154.2 MB.

Unloading 8 unused Assets to reduce memory usage. Loaded Objects now: 2276.
Total: 2.220879 ms (FindLiveObjects: 0.228653 ms CreateObjectMapping: 0.074000 ms MarkObjects: 1.897376 ms  DeleteObjects: 0.017763 ms)

========================================================================
Received Prepare
Registering precompiled user dll's ...
Registered in 0.000640 seconds.
Begin MonoManager ReloadAssembly
Native extension for OSXStandalone target not found
Refreshing native plugins compatible for Editor in 0.49 ms, found 2 plugins.
Preloading 0 native plugins for Editor in 0.00 ms.
Invoked RoslynAnalysisRunner static constructor.
RoslynAnalysisRunner will not be running.
RoslynAnalysisRunner has terminated.
Mono: successfully reloaded assembly
- Completed reload, in  1.293 seconds
Platform modules already initialized, skipping
Refreshing native plugins compatible for Editor in 0.45 ms, found 2 plugins.
Preloading 0 native plugins for Editor in 0.00 ms.
Unloading 1808 Unused Serialized files (Serialized files now loaded: 0)
System memory in use before: 154.5 MB.
System memory in use after: 154.6 MB.

Unloading 8 unused Assets to reduce memory usage. Loaded Objects now: 2278.
Total: 2.408379 ms (FindLiveObjects: 0.275948 ms CreateObjectMapping: 0.098568 ms MarkObjects: 2.017126 ms  DeleteObjects: 0.015171 ms)

========================================================================
Received Prepare
Registering precompiled user dll's ...
Registered in 0.182025 seconds.
Begin MonoManager ReloadAssembly
Native extension for OSXStandalone target not found
Refreshing native plugins compatible for Editor in 0.47 ms, found 2 plugins.
Preloading 0 native plugins for Editor in 0.00 ms.
Invoked RoslynAnalysisRunner static constructor.
RoslynAnalysisRunner will not be running.
RoslynAnalysisRunner has terminated.
Mono: successfully reloaded assembly
- Completed reload, in  2.041 seconds
Platform modules already initialized, skipping
Refreshing native plugins compatible for Editor in 0.54 ms, found 2 plugins.
Preloading 0 native plugins for Editor in 0.00 ms.
Unloading 1808 Unused Serialized files (Serialized files now loaded: 0)
System memory in use before: 154.9 MB.
System memory in use after: 155.0 MB.

Unloading 8 unused Assets to reduce memory usage. Loaded Objects now: 2280.
Total: 2.978178 ms (FindLiveObjects: 0.233664 ms CreateObjectMapping: 0.093828 ms MarkObjects: 2.631541 ms  DeleteObjects: 0.017451 ms)

========================================================================
Received Prepare
Registering precompiled user dll's ...
Registered in 0.018320 seconds.
Begin MonoManager ReloadAssembly
Native extension for OSXStandalone target not found
Refreshing native plugins compatible for Editor in 0.59 ms, found 2 plugins.
Preloading 0 native plugins for Editor in 0.00 ms.
Invoked RoslynAnalysisRunner static constructor.
RoslynAnalysisRunner will not be running.
RoslynAnalysisRunner has terminated.
Mono: successfully reloaded assembly
- Completed reload, in  1.617 seconds
Platform modules already initialized, skipping
Refreshing native plugins compatible for Editor in 0.55 ms, found 2 plugins.
Preloading 0 native plugins for Editor in 0.00 ms.
Unloading 1808 Unused Serialized files (Serialized files now loaded: 0)
System memory in use before: 155.3 MB.
System memory in use after: 155.4 MB.

Unloading 8 unused Assets to reduce memory usage. Loaded Objects now: 2282.
Total: 2.569567 ms (FindLiveObjects: 0.212010 ms CreateObjectMapping: 0.112147 ms MarkObjects: 2.226723 ms  DeleteObjects: 0.017203 ms)

========================================================================
Received Prepare
Registering precompiled user dll's ...
Registered in 0.000696 seconds.
Begin MonoManager ReloadAssembly
Native extension for OSXStandalone target not found
Refreshing native plugins compatible for Editor in 0.46 ms, found 2 plugins.
Preloading 0 native plugins for Editor in 0.00 ms.
Invoked RoslynAnalysisRunner static constructor.
RoslynAnalysisRunner will not be running.
RoslynAnalysisRunner has terminated.
Mono: successfully reloaded assembly
- Completed reload, in  1.612 seconds
Platform modules already initialized, skipping
Refreshing native plugins compatible for Editor in 0.61 ms, found 2 plugins.
Preloading 0 native plugins for Editor in 0.00 ms.
Unloading 1808 Unused Serialized files (Serialized files now loaded: 0)
System memory in use before: 155.7 MB.
System memory in use after: 155.8 MB.

Unloading 8 unused Assets to reduce memory usage. Loaded Objects now: 2284.
Total: 2.459631 ms (FindLiveObjects: 0.226515 ms CreateObjectMapping: 0.079703 ms MarkObjects: 2.135098 ms  DeleteObjects: 0.016830 ms)

========================================================================
Received Prepare
Registering precompiled user dll's ...
Registered in 0.014017 seconds.
Begin MonoManager ReloadAssembly
Native extension for OSXStandalone target not found
Refreshing native plugins compatible for Editor in 0.47 ms, found 2 plugins.
Preloading 0 native plugins for Editor in 0.00 ms.
Invoked RoslynAnalysisRunner static constructor.
RoslynAnalysisRunner will not be running.
RoslynAnalysisRunner has terminated.
Mono: successfully reloaded assembly
- Completed reload, in  1.270 seconds
Platform modules already initialized, skipping
Refreshing native plugins compatible for Editor in 0.52 ms, found 2 plugins.
Preloading 0 native plugins for Editor in 0.00 ms.
Unloading 1808 Unused Serialized files (Serialized files now loaded: 0)
System memory in use before: 156.1 MB.
System memory in use after: 156.2 MB.

Unloading 8 unused Assets to reduce memory usage. Loaded Objects now: 2286.
Total: 3.237509 ms (FindLiveObjects: 0.288352 ms CreateObjectMapping: 0.163750 ms MarkObjects: 2.742246 ms  DeleteObjects: 0.040918 ms)

========================================================================
Received Import Request.
  Time since last request: 2307.686941 seconds.
  path: Assets/ex04/Prefabs/Human Forum.prefab
  artifactKey: Guid(d73432948a04646cd9d600ec4bd7337b) Importer(815301076,1909f56bfc062723c751e8b465ee728b)
Start importing Assets/ex04/Prefabs/Human Forum.prefab using Guid(d73432948a04646cd9d600ec4bd7337b) Importer(815301076,1909f56bfc062723c751e8b465ee728b)  -> (artifact id: '2f067301e05673c6defd249ea12aa830') in 0.529436 seconds
  Import took 0.568579 seconds .

========================================================================
Received Import Request.
  Time since last request: 7.694435 seconds.
  path: Assets/ex04/Prefabs/Orc Building 4.prefab
  artifactKey: Guid(8377c2a94b1b744d5b30ca1e68183c90) Importer(815301076,1909f56bfc062723c751e8b465ee728b)
Start importing Assets/ex04/Prefabs/Orc Building 4.prefab using Guid(8377c2a94b1b744d5b30ca1e68183c90) Importer(815301076,1909f56bfc062723c751e8b465ee728b)  -> (artifact id: 'c6587b05d1f2372ff8451905d4782424') in 0.172708 seconds
  Import took 0.219905 seconds .

========================================================================
Received Import Request.
  Time since last request: 4.790603 seconds.
  path: Assets/ex04/Prefabs/Orc Building 4.prefab
  artifactKey: Guid(8377c2a94b1b744d5b30ca1e68183c90) Importer(815301076,1909f56bfc062723c751e8b465ee728b)
Start importing Assets/ex04/Prefabs/Orc Building 4.prefab using Guid(8377c2a94b1b744d5b30ca1e68183c90) Importer(815301076,1909f56bfc062723c751e8b465ee728b)  -> (artifact id: 'cd4aa046d2eb48fd9d67b61f78b18be2') in 0.013957 seconds
  Import took 0.044175 seconds .

========================================================================
Received Prepare
Registering precompiled user dll's ...
Registered in 0.026437 seconds.
Begin MonoManager ReloadAssembly
Native extension for OSXStandalone target not found
Refreshing native plugins compatible for Editor in 0.49 ms, found 2 plugins.
Preloading 0 native plugins for Editor in 0.00 ms.
Invoked RoslynAnalysisRunner static constructor.
RoslynAnalysisRunner will not be running.
RoslynAnalysisRunner has terminated.
Mono: successfully reloaded assembly
- Completed reload, in  1.918 seconds
Platform modules already initialized, skipping
Refreshing native plugins compatible for Editor in 0.35 ms, found 2 plugins.
Preloading 0 native plugins for Editor in 0.00 ms.
Unloading 1808 Unused Serialized files (Serialized files now loaded: 0)
System memory in use before: 156.6 MB.
System memory in use after: 156.7 MB.

Unloading 8 unused Assets to reduce memory usage. Loaded Objects now: 2289.
Total: 2.937336 ms (FindLiveObjects: 0.335592 ms CreateObjectMapping: 0.177156 ms MarkObjects: 2.401922 ms  DeleteObjects: 0.020719 ms)

========================================================================
Received Import Request.
  Time since last request: 673.190721 seconds.
  path: Assets/ex04/Prefabs/Map.prefab
  artifactKey: Guid(087f90a712c4147158fa7f194bdca706) Importer(815301076,1909f56bfc062723c751e8b465ee728b)
Start importing Assets/ex04/Prefabs/Map.prefab using Guid(087f90a712c4147158fa7f194bdca706) Importer(815301076,1909f56bfc062723c751e8b465ee728b)  -> (artifact id: 'af22aef8edb7cff6b59e32cb73eebd17') in 0.201274 seconds
  Import took 0.289995 seconds .

========================================================================
Received Import Request.
  Time since last request: 4.379614 seconds.
  path: Assets/ex04/Prefabs/Map.prefab
  artifactKey: Guid(087f90a712c4147158fa7f194bdca706) Importer(815301076,1909f56bfc062723c751e8b465ee728b)
Start importing Assets/ex04/Prefabs/Map.prefab using Guid(087f90a712c4147158fa7f194bdca706) Importer(815301076,1909f56bfc062723c751e8b465ee728b)  -> (artifact id: 'f9416600f286026588a5c951882a5b05') in 0.075923 seconds
  Import took 0.120478 seconds .

========================================================================
Received Import Request.
  Time since last request: 23.116217 seconds.
  path: Assets/ex04/Prefabs/Map.prefab
  artifactKey: Guid(087f90a712c4147158fa7f194bdca706) Importer(815301076,1909f56bfc062723c751e8b465ee728b)
Start importing Assets/ex04/Prefabs/Map.prefab using Guid(087f90a712c4147158fa7f194bdca706) Importer(815301076,1909f56bfc062723c751e8b465ee728b)  -> (artifact id: '1d219f9e5cce7bb4f651e27c3a858043') in 0.066673 seconds
  Import took 0.073717 seconds .

========================================================================
Received Import Request.
  Time since last request: 19.787101 seconds.
  path: Assets/ex04/Prefabs/Map.prefab
  artifactKey: Guid(087f90a712c4147158fa7f194bdca706) Importer(815301076,1909f56bfc062723c751e8b465ee728b)
Start importing Assets/ex04/Prefabs/Map.prefab using Guid(087f90a712c4147158fa7f194bdca706) Importer(815301076,1909f56bfc062723c751e8b465ee728b)  -> (artifact id: '503919aaf2f4c46369b93c9c3239fffc') in 0.075967 seconds
  Import took 0.101882 seconds .

========================================================================
Received Import Request.
  Time since last request: 14.254234 seconds.
  path: Assets/ex04/Prefabs/Map.prefab
  artifactKey: Guid(087f90a712c4147158fa7f194bdca706) Importer(815301076,1909f56bfc062723c751e8b465ee728b)
Start importing Assets/ex04/Prefabs/Map.prefab using Guid(087f90a712c4147158fa7f194bdca706) Importer(815301076,1909f56bfc062723c751e8b465ee728b)  -> (artifact id: 'c8220e9d24165323a1de5ce4a1e65dbb') in 0.063497 seconds
  Import took 0.069943 seconds .

========================================================================
Received Import Request.
  Time since last request: 4.815511 seconds.
  path: Assets/ex04/Prefabs/Map.prefab
  artifactKey: Guid(087f90a712c4147158fa7f194bdca706) Importer(815301076,1909f56bfc062723c751e8b465ee728b)
Start importing Assets/ex04/Prefabs/Map.prefab using Guid(087f90a712c4147158fa7f194bdca706) Importer(815301076,1909f56bfc062723c751e8b465ee728b)  -> (artifact id: 'b47d864b40553793ea3ce493a159883e') in 0.064253 seconds
  Import took 0.070985 seconds .

========================================================================
Received Import Request.
  Time since last request: 11.115811 seconds.
  path: Assets/ex04/Prefabs/Map.prefab
  artifactKey: Guid(087f90a712c4147158fa7f194bdca706) Importer(815301076,1909f56bfc062723c751e8b465ee728b)
Start importing Assets/ex04/Prefabs/Map.prefab using Guid(087f90a712c4147158fa7f194bdca706) Importer(815301076,1909f56bfc062723c751e8b465ee728b)  -> (artifact id: '40a91a74d849769f4d0e5b970826acb1') in 0.062823 seconds
  Import took 0.070035 seconds .

========================================================================
Received Import Request.
  Time since last request: 7.418880 seconds.
  path: Assets/ex04/Prefabs/Map.prefab
  artifactKey: Guid(087f90a712c4147158fa7f194bdca706) Importer(815301076,1909f56bfc062723c751e8b465ee728b)
Start importing Assets/ex04/Prefabs/Map.prefab using Guid(087f90a712c4147158fa7f194bdca706) Importer(815301076,1909f56bfc062723c751e8b465ee728b)  -> (artifact id: '8b4262fd70393c7a2481d7c6349f3924') in 0.064061 seconds
  Import took 0.070523 seconds .

========================================================================
Received Import Request.
  Time since last request: 9.096112 seconds.
  path: Assets/ex04/Prefabs/Map.prefab
  artifactKey: Guid(087f90a712c4147158fa7f194bdca706) Importer(815301076,1909f56bfc062723c751e8b465ee728b)
Start importing Assets/ex04/Prefabs/Map.prefab using Guid(087f90a712c4147158fa7f194bdca706) Importer(815301076,1909f56bfc062723c751e8b465ee728b)  -> (artifact id: 'c05ba9ad5f34cfed9fa2241deaf3c1cd') in 0.063594 seconds
  Import took 0.070509 seconds .

========================================================================
Received Import Request.
  Time since last request: 12.500318 seconds.
  path: Assets/ex04/Prefabs/Map.prefab
  artifactKey: Guid(087f90a712c4147158fa7f194bdca706) Importer(815301076,1909f56bfc062723c751e8b465ee728b)
Start importing Assets/ex04/Prefabs/Map.prefab using Guid(087f90a712c4147158fa7f194bdca706) Importer(815301076,1909f56bfc062723c751e8b465ee728b)  -> (artifact id: 'fa28e4a1b57da1196a78506d60f7cd6e') in 0.322912 seconds
  Import took 0.330259 seconds .

========================================================================
Received Import Request.
  Time since last request: 8.628980 seconds.
  path: Assets/ex04/Prefabs/Map.prefab
  artifactKey: Guid(087f90a712c4147158fa7f194bdca706) Importer(815301076,1909f56bfc062723c751e8b465ee728b)
Start importing Assets/ex04/Prefabs/Map.prefab using Guid(087f90a712c4147158fa7f194bdca706) Importer(815301076,1909f56bfc062723c751e8b465ee728b)  -> (artifact id: '12606a7c7f0585f5c65bd4fd6d282c1f') in 0.125877 seconds
  Import took 0.133310 seconds .

========================================================================
Received Import Request.
  Time since last request: 3.989535 seconds.
  path: Assets/ex04/Prefabs/Map.prefab
  artifactKey: Guid(087f90a712c4147158fa7f194bdca706) Importer(815301076,1909f56bfc062723c751e8b465ee728b)
Start importing Assets/ex04/Prefabs/Map.prefab using Guid(087f90a712c4147158fa7f194bdca706) Importer(815301076,1909f56bfc062723c751e8b465ee728b)  -> (artifact id: '3dd405bb658898423db2b5c9a69bef7a') in 0.068694 seconds
  Import took 0.075691 seconds .

========================================================================
Received Import Request.
  Time since last request: 4.535655 seconds.
  path: Assets/ex04/Prefabs/Map.prefab
  artifactKey: Guid(087f90a712c4147158fa7f194bdca706) Importer(815301076,1909f56bfc062723c751e8b465ee728b)
Start importing Assets/ex04/Prefabs/Map.prefab using Guid(087f90a712c4147158fa7f194bdca706) Importer(815301076,1909f56bfc062723c751e8b465ee728b)  -> (artifact id: 'b054f1d9c194ff5636ad62509ae5401c') in 0.128611 seconds
  Import took 0.136715 seconds .

========================================================================
Received Import Request.
  Time since last request: 3.905441 seconds.
  path: Assets/ex04/Prefabs/Map.prefab
  artifactKey: Guid(087f90a712c4147158fa7f194bdca706) Importer(815301076,1909f56bfc062723c751e8b465ee728b)
Start importing Assets/ex04/Prefabs/Map.prefab using Guid(087f90a712c4147158fa7f194bdca706) Importer(815301076,1909f56bfc062723c751e8b465ee728b)  -> (artifact id: '1f2281062e007764e0d590edb24641fc') in 0.064091 seconds
  Import took 0.071060 seconds .

========================================================================
Received Import Request.
  Time since last request: 3.842766 seconds.
  path: Assets/ex04/Prefabs/Map.prefab
  artifactKey: Guid(087f90a712c4147158fa7f194bdca706) Importer(815301076,1909f56bfc062723c751e8b465ee728b)
Start importing Assets/ex04/Prefabs/Map.prefab using Guid(087f90a712c4147158fa7f194bdca706) Importer(815301076,1909f56bfc062723c751e8b465ee728b)  -> (artifact id: 'abb06a50358a49319fdba91ab65bf1d8') in 0.081374 seconds
  Import took 0.091055 seconds .

========================================================================
Received Import Request.
  Time since last request: 3.446788 seconds.
  path: Assets/ex04/Prefabs/Map.prefab
  artifactKey: Guid(087f90a712c4147158fa7f194bdca706) Importer(815301076,1909f56bfc062723c751e8b465ee728b)
Start importing Assets/ex04/Prefabs/Map.prefab using Guid(087f90a712c4147158fa7f194bdca706) Importer(815301076,1909f56bfc062723c751e8b465ee728b)  -> (artifact id: 'a9f1b7909b4f7b3447d100161662e6f7') in 0.062377 seconds
  Import took 0.069355 seconds .

========================================================================
Received Import Request.
  Time since last request: 3.222940 seconds.
  path: Assets/ex04/Prefabs/Map.prefab
  artifactKey: Guid(087f90a712c4147158fa7f194bdca706) Importer(815301076,1909f56bfc062723c751e8b465ee728b)
Start importing Assets/ex04/Prefabs/Map.prefab using Guid(087f90a712c4147158fa7f194bdca706) Importer(815301076,1909f56bfc062723c751e8b465ee728b)  -> (artifact id: 'adbbbc5a42368f27852808ee1cddb911') in 0.078757 seconds
  Import took 0.086649 seconds .

========================================================================
Received Import Request.
  Time since last request: 3.534711 seconds.
  path: Assets/ex04/Prefabs/Map.prefab
  artifactKey: Guid(087f90a712c4147158fa7f194bdca706) Importer(815301076,1909f56bfc062723c751e8b465ee728b)
Start importing Assets/ex04/Prefabs/Map.prefab using Guid(087f90a712c4147158fa7f194bdca706) Importer(815301076,1909f56bfc062723c751e8b465ee728b)  -> (artifact id: '32483260343f84735dc96658847339df') in 0.064757 seconds
  Import took 0.071495 seconds .

========================================================================
Received Import Request.
  Time since last request: 5.497949 seconds.
  path: Assets/ex04/Prefabs/Map.prefab
  artifactKey: Guid(087f90a712c4147158fa7f194bdca706) Importer(815301076,1909f56bfc062723c751e8b465ee728b)
Start importing Assets/ex04/Prefabs/Map.prefab using Guid(087f90a712c4147158fa7f194bdca706) Importer(815301076,1909f56bfc062723c751e8b465ee728b)  -> (artifact id: 'c58665bcf4e8b19ff5b6e57dd77826de') in 0.086263 seconds
  Import took 0.093610 seconds .

========================================================================
Received Import Request.
  Time since last request: 2.532738 seconds.
  path: Assets/ex04/Prefabs/Map.prefab
  artifactKey: Guid(087f90a712c4147158fa7f194bdca706) Importer(815301076,1909f56bfc062723c751e8b465ee728b)
Start importing Assets/ex04/Prefabs/Map.prefab using Guid(087f90a712c4147158fa7f194bdca706) Importer(815301076,1909f56bfc062723c751e8b465ee728b)  -> (artifact id: '8120d34955e4be64024d8506908302b1') in 0.064180 seconds
  Import took 0.070700 seconds .

========================================================================
Received Import Request.
  Time since last request: 3.509241 seconds.
  path: Assets/ex04/Prefabs/Map.prefab
  artifactKey: Guid(087f90a712c4147158fa7f194bdca706) Importer(815301076,1909f56bfc062723c751e8b465ee728b)
Start importing Assets/ex04/Prefabs/Map.prefab using Guid(087f90a712c4147158fa7f194bdca706) Importer(815301076,1909f56bfc062723c751e8b465ee728b)  -> (artifact id: '1bf22ba94de349b91e0cf4ed6cc53efc') in 0.062050 seconds
  Import took 0.069238 seconds .

========================================================================
Received Import Request.
  Time since last request: 7.249336 seconds.
  path: Assets/ex04/Prefabs/Map.prefab
  artifactKey: Guid(087f90a712c4147158fa7f194bdca706) Importer(815301076,1909f56bfc062723c751e8b465ee728b)
Start importing Assets/ex04/Prefabs/Map.prefab using Guid(087f90a712c4147158fa7f194bdca706) Importer(815301076,1909f56bfc062723c751e8b465ee728b)  -> (artifact id: 'c0117faf71f899b8ea749b4ba3f30e21') in 0.063315 seconds
  Import took 0.070176 seconds .

========================================================================
Received Import Request.
  Time since last request: 6.122876 seconds.
  path: Assets/ex04/Prefabs/Map.prefab
  artifactKey: Guid(087f90a712c4147158fa7f194bdca706) Importer(815301076,1909f56bfc062723c751e8b465ee728b)
Start importing Assets/ex04/Prefabs/Map.prefab using Guid(087f90a712c4147158fa7f194bdca706) Importer(815301076,1909f56bfc062723c751e8b465ee728b)  -> (artifact id: 'e0caca9861f24488548ab8e5a221d1b5') in 0.067534 seconds
  Import took 0.074838 seconds .

========================================================================
Received Import Request.
  Time since last request: 9.039895 seconds.
  path: Assets/ex04/Prefabs/Map.prefab
  artifactKey: Guid(087f90a712c4147158fa7f194bdca706) Importer(815301076,1909f56bfc062723c751e8b465ee728b)
Start importing Assets/ex04/Prefabs/Map.prefab using Guid(087f90a712c4147158fa7f194bdca706) Importer(815301076,1909f56bfc062723c751e8b465ee728b)  -> (artifact id: 'e511e15b134fe1fb4ac98bf1d5d73321') in 0.064206 seconds
  Import took 0.071276 seconds .

========================================================================
Received Import Request.
  Time since last request: 3.930386 seconds.
  path: Assets/ex04/Prefabs/Map.prefab
  artifactKey: Guid(087f90a712c4147158fa7f194bdca706) Importer(815301076,1909f56bfc062723c751e8b465ee728b)
Start importing Assets/ex04/Prefabs/Map.prefab using Guid(087f90a712c4147158fa7f194bdca706) Importer(815301076,1909f56bfc062723c751e8b465ee728b)  -> (artifact id: 'd23004c2910d7b6a6d2dbfe52c6c8b33') in 0.066239 seconds
  Import took 0.074185 seconds .

========================================================================
Received Import Request.
  Time since last request: 0.872078 seconds.
  path: Assets/ex04/Prefabs/Map.prefab
  artifactKey: Guid(087f90a712c4147158fa7f194bdca706) Importer(815301076,1909f56bfc062723c751e8b465ee728b)
Start importing Assets/ex04/Prefabs/Map.prefab using Guid(087f90a712c4147158fa7f194bdca706) Importer(815301076,1909f56bfc062723c751e8b465ee728b)  -> (artifact id: '5e185d8c7cd744fde94ece3c3a3c465d') in 0.087628 seconds
  Import took 0.096124 seconds .

========================================================================
Received Import Request.
  Time since last request: 9.299201 seconds.
  path: Assets/ex04/Prefabs/Map.prefab
  artifactKey: Guid(087f90a712c4147158fa7f194bdca706) Importer(815301076,1909f56bfc062723c751e8b465ee728b)
Start importing Assets/ex04/Prefabs/Map.prefab using Guid(087f90a712c4147158fa7f194bdca706) Importer(815301076,1909f56bfc062723c751e8b465ee728b)  -> (artifact id: 'dbc75c73df6b47a437c52d4768205fe0') in 0.069178 seconds
  Import took 0.076112 seconds .

========================================================================
Received Import Request.
  Time since last request: 2.511523 seconds.
  path: Assets/ex04/Prefabs/Map.prefab
  artifactKey: Guid(087f90a712c4147158fa7f194bdca706) Importer(815301076,1909f56bfc062723c751e8b465ee728b)
Start importing Assets/ex04/Prefabs/Map.prefab using Guid(087f90a712c4147158fa7f194bdca706) Importer(815301076,1909f56bfc062723c751e8b465ee728b)  -> (artifact id: '20574d8877d62fad6412d0bb145d8649') in 0.062826 seconds
  Import took 0.069815 seconds .

========================================================================
Received Import Request.
  Time since last request: 4.588149 seconds.
  path: Assets/ex04/Prefabs/Map.prefab
  artifactKey: Guid(087f90a712c4147158fa7f194bdca706) Importer(815301076,1909f56bfc062723c751e8b465ee728b)
Start importing Assets/ex04/Prefabs/Map.prefab using Guid(087f90a712c4147158fa7f194bdca706) Importer(815301076,1909f56bfc062723c751e8b465ee728b)  -> (artifact id: '047ed53bdc6646737c0e5665da75ecbc') in 0.076937 seconds
  Import took 0.085017 seconds .

========================================================================
Received Import Request.
  Time since last request: 4.498305 seconds.
  path: Assets/ex04/Prefabs/Map.prefab
  artifactKey: Guid(087f90a712c4147158fa7f194bdca706) Importer(815301076,1909f56bfc062723c751e8b465ee728b)
Start importing Assets/ex04/Prefabs/Map.prefab using Guid(087f90a712c4147158fa7f194bdca706) Importer(815301076,1909f56bfc062723c751e8b465ee728b)  -> (artifact id: '6ad3be29b9f01786acda3a3ab624feb7') in 0.063178 seconds
  Import took 0.069748 seconds .

========================================================================
Received Import Request.
  Time since last request: 3.183202 seconds.
  path: Assets/ex04/Prefabs/Map.prefab
  artifactKey: Guid(087f90a712c4147158fa7f194bdca706) Importer(815301076,1909f56bfc062723c751e8b465ee728b)
Start importing Assets/ex04/Prefabs/Map.prefab using Guid(087f90a712c4147158fa7f194bdca706) Importer(815301076,1909f56bfc062723c751e8b465ee728b)  -> (artifact id: '9a2f653e9f9ef4c04ad76f1e454427ab') in 0.077072 seconds
  Import took 0.084682 seconds .

========================================================================
Received Import Request.
  Time since last request: 3.748584 seconds.
  path: Assets/ex04/Prefabs/Map.prefab
  artifactKey: Guid(087f90a712c4147158fa7f194bdca706) Importer(815301076,1909f56bfc062723c751e8b465ee728b)
Start importing Assets/ex04/Prefabs/Map.prefab using Guid(087f90a712c4147158fa7f194bdca706) Importer(815301076,1909f56bfc062723c751e8b465ee728b)  -> (artifact id: '36989d8bbe357fb2905e8d384f504dc2') in 0.083883 seconds
  Import took 0.091823 seconds .

========================================================================
Received Import Request.
  Time since last request: 3.438727 seconds.
  path: Assets/ex04/Prefabs/Map.prefab
  artifactKey: Guid(087f90a712c4147158fa7f194bdca706) Importer(815301076,1909f56bfc062723c751e8b465ee728b)
Start importing Assets/ex04/Prefabs/Map.prefab using Guid(087f90a712c4147158fa7f194bdca706) Importer(815301076,1909f56bfc062723c751e8b465ee728b)  -> (artifact id: '72f0b525e4228908dcb8be55bb5ffb7e') in 0.102796 seconds
  Import took 0.123907 seconds .

========================================================================
Received Import Request.
  Time since last request: 4.781160 seconds.
  path: Assets/ex04/Prefabs/Map.prefab
  artifactKey: Guid(087f90a712c4147158fa7f194bdca706) Importer(815301076,1909f56bfc062723c751e8b465ee728b)
Start importing Assets/ex04/Prefabs/Map.prefab using Guid(087f90a712c4147158fa7f194bdca706) Importer(815301076,1909f56bfc062723c751e8b465ee728b)  -> (artifact id: 'd13471a5205dccf680e855b9b7334946') in 0.063603 seconds
  Import took 0.070364 seconds .

========================================================================
Received Import Request.
  Time since last request: 5.357571 seconds.
  path: Assets/ex04/Prefabs/Map.prefab
  artifactKey: Guid(087f90a712c4147158fa7f194bdca706) Importer(815301076,1909f56bfc062723c751e8b465ee728b)
Start importing Assets/ex04/Prefabs/Map.prefab using Guid(087f90a712c4147158fa7f194bdca706) Importer(815301076,1909f56bfc062723c751e8b465ee728b)  -> (artifact id: 'e560afc248b26ef8e7920efd6db84b99') in 0.094859 seconds
  Import took 0.102154 seconds .

========================================================================
Received Import Request.
  Time since last request: 4.137958 seconds.
  path: Assets/ex04/Prefabs/Map.prefab
  artifactKey: Guid(087f90a712c4147158fa7f194bdca706) Importer(815301076,1909f56bfc062723c751e8b465ee728b)
Start importing Assets/ex04/Prefabs/Map.prefab using Guid(087f90a712c4147158fa7f194bdca706) Importer(815301076,1909f56bfc062723c751e8b465ee728b)  -> (artifact id: '11afa3008e226dca1e47cad19e9d4081') in 0.078086 seconds
  Import took 0.087457 seconds .

========================================================================
Received Import Request.
  Time since last request: 3.722730 seconds.
  path: Assets/ex04/Prefabs/Map.prefab
  artifactKey: Guid(087f90a712c4147158fa7f194bdca706) Importer(815301076,1909f56bfc062723c751e8b465ee728b)
Start importing Assets/ex04/Prefabs/Map.prefab using Guid(087f90a712c4147158fa7f194bdca706) Importer(815301076,1909f56bfc062723c751e8b465ee728b)  -> (artifact id: 'be1c59abd786895c53f481399636564e') in 0.094756 seconds
  Import took 0.102731 seconds .

========================================================================
Received Import Request.
  Time since last request: 3.819072 seconds.
  path: Assets/ex04/Prefabs/Map.prefab
  artifactKey: Guid(087f90a712c4147158fa7f194bdca706) Importer(815301076,1909f56bfc062723c751e8b465ee728b)
Start importing Assets/ex04/Prefabs/Map.prefab using Guid(087f90a712c4147158fa7f194bdca706) Importer(815301076,1909f56bfc062723c751e8b465ee728b)  -> (artifact id: '6232cff32e119925a2ab86215b3d2231') in 0.119580 seconds
  Import took 0.127248 seconds .

========================================================================
Received Import Request.
  Time since last request: 4.177287 seconds.
  path: Assets/ex04/Prefabs/Map.prefab
  artifactKey: Guid(087f90a712c4147158fa7f194bdca706) Importer(815301076,1909f56bfc062723c751e8b465ee728b)
Start importing Assets/ex04/Prefabs/Map.prefab using Guid(087f90a712c4147158fa7f194bdca706) Importer(815301076,1909f56bfc062723c751e8b465ee728b)  -> (artifact id: '9e7602030f04ab57a9252d9c8048a2b4') in 0.101118 seconds
  Import took 0.108521 seconds .

========================================================================
Received Import Request.
  Time since last request: 4.600405 seconds.
  path: Assets/ex04/Prefabs/Map.prefab
  artifactKey: Guid(087f90a712c4147158fa7f194bdca706) Importer(815301076,1909f56bfc062723c751e8b465ee728b)
Start importing Assets/ex04/Prefabs/Map.prefab using Guid(087f90a712c4147158fa7f194bdca706) Importer(815301076,1909f56bfc062723c751e8b465ee728b)  -> (artifact id: 'b1637b8f37516ef1a239aeb14f6cec98') in 0.084025 seconds
  Import took 0.091631 seconds .

========================================================================
Received Import Request.
  Time since last request: 4.427618 seconds.
  path: Assets/ex04/Prefabs/Map.prefab
  artifactKey: Guid(087f90a712c4147158fa7f194bdca706) Importer(815301076,1909f56bfc062723c751e8b465ee728b)
Start importing Assets/ex04/Prefabs/Map.prefab using Guid(087f90a712c4147158fa7f194bdca706) Importer(815301076,1909f56bfc062723c751e8b465ee728b)  -> (artifact id: 'ebc13d430afb02d21ac4294a0adb1c8c') in 0.090233 seconds
  Import took 0.098309 seconds .

========================================================================
Received Import Request.
  Time since last request: 4.077253 seconds.
  path: Assets/ex04/Prefabs/Map.prefab
  artifactKey: Guid(087f90a712c4147158fa7f194bdca706) Importer(815301076,1909f56bfc062723c751e8b465ee728b)
Start importing Assets/ex04/Prefabs/Map.prefab using Guid(087f90a712c4147158fa7f194bdca706) Importer(815301076,1909f56bfc062723c751e8b465ee728b)  -> (artifact id: '028a1e4152c0d699ab544389b3dedaf0') in 0.144878 seconds
  Import took 0.152253 seconds .

========================================================================
Received Import Request.
  Time since last request: 4.530104 seconds.
  path: Assets/ex04/Prefabs/Map.prefab
  artifactKey: Guid(087f90a712c4147158fa7f194bdca706) Importer(815301076,1909f56bfc062723c751e8b465ee728b)
Start importing Assets/ex04/Prefabs/Map.prefab using Guid(087f90a712c4147158fa7f194bdca706) Importer(815301076,1909f56bfc062723c751e8b465ee728b)  -> (artifact id: 'b5111107cdecea57bc911246c7278c0e') in 0.089116 seconds
  Import took 0.096413 seconds .

========================================================================
Received Import Request.
  Time since last request: 6.238892 seconds.
  path: Assets/ex04/Prefabs/Map.prefab
  artifactKey: Guid(087f90a712c4147158fa7f194bdca706) Importer(815301076,1909f56bfc062723c751e8b465ee728b)
Start importing Assets/ex04/Prefabs/Map.prefab using Guid(087f90a712c4147158fa7f194bdca706) Importer(815301076,1909f56bfc062723c751e8b465ee728b)  -> (artifact id: 'e99076dba062dad631f33858a595b7f9') in 0.063665 seconds
  Import took 0.070332 seconds .

========================================================================
Received Import Request.
  Time since last request: 6.870553 seconds.
  path: Assets/ex04/Prefabs/Map.prefab
  artifactKey: Guid(087f90a712c4147158fa7f194bdca706) Importer(815301076,1909f56bfc062723c751e8b465ee728b)
Start importing Assets/ex04/Prefabs/Map.prefab using Guid(087f90a712c4147158fa7f194bdca706) Importer(815301076,1909f56bfc062723c751e8b465ee728b)  -> (artifact id: '68e0bda58a1301d7d0b67ca534fb41e1') in 0.094455 seconds
  Import took 0.101654 seconds .

========================================================================
Received Import Request.
  Time since last request: 4.261659 seconds.
  path: Assets/ex04/Prefabs/Map.prefab
  artifactKey: Guid(087f90a712c4147158fa7f194bdca706) Importer(815301076,1909f56bfc062723c751e8b465ee728b)
Start importing Assets/ex04/Prefabs/Map.prefab using Guid(087f90a712c4147158fa7f194bdca706) Importer(815301076,1909f56bfc062723c751e8b465ee728b)  -> (artifact id: '8eb70307fc27ad31b3850570ec29bd40') in 0.064705 seconds
  Import took 0.071768 seconds .

========================================================================
Received Import Request.
  Time since last request: 4.610693 seconds.
  path: Assets/ex04/Prefabs/Map.prefab
  artifactKey: Guid(087f90a712c4147158fa7f194bdca706) Importer(815301076,1909f56bfc062723c751e8b465ee728b)
Start importing Assets/ex04/Prefabs/Map.prefab using Guid(087f90a712c4147158fa7f194bdca706) Importer(815301076,1909f56bfc062723c751e8b465ee728b)  -> (artifact id: 'ef85b5bbc6ac37cde65f859ac36c7f56') in 0.112221 seconds
  Import took 0.155934 seconds .

========================================================================
Received Import Request.
  Time since last request: 7.253214 seconds.
  path: Assets/ex04/Prefabs/Map.prefab
  artifactKey: Guid(087f90a712c4147158fa7f194bdca706) Importer(815301076,1909f56bfc062723c751e8b465ee728b)
Start importing Assets/ex04/Prefabs/Map.prefab using Guid(087f90a712c4147158fa7f194bdca706) Importer(815301076,1909f56bfc062723c751e8b465ee728b)  -> (artifact id: 'aee089d6ee0b7a01dabb8b7b2cfd5411') in 0.076433 seconds
  Import took 0.083181 seconds .

========================================================================
Received Import Request.
  Time since last request: 6.264357 seconds.
  path: Assets/ex04/Prefabs/Map.prefab
  artifactKey: Guid(087f90a712c4147158fa7f194bdca706) Importer(815301076,1909f56bfc062723c751e8b465ee728b)
Start importing Assets/ex04/Prefabs/Map.prefab using Guid(087f90a712c4147158fa7f194bdca706) Importer(815301076,1909f56bfc062723c751e8b465ee728b)  -> (artifact id: '7f54ddb82da9d49a55214094dd9296fa') in 0.072587 seconds
  Import took 0.080352 seconds .

========================================================================
Received Prepare
Registering precompiled user dll's ...
Registered in 0.000600 seconds.
Begin MonoManager ReloadAssembly
Native extension for OSXStandalone target not found
Refreshing native plugins compatible for Editor in 0.46 ms, found 2 plugins.
Preloading 0 native plugins for Editor in 0.00 ms.
Invoked RoslynAnalysisRunner static constructor.
RoslynAnalysisRunner will not be running.
RoslynAnalysisRunner has terminated.
Mono: successfully reloaded assembly
- Completed reload, in  1.465 seconds
Platform modules already initialized, skipping
Refreshing native plugins compatible for Editor in 0.52 ms, found 2 plugins.
Preloading 0 native plugins for Editor in 0.00 ms.
Unloading 1808 Unused Serialized files (Serialized files now loaded: 0)
System memory in use before: 168.8 MB.
System memory in use after: 168.9 MB.

Unloading 8 unused Assets to reduce memory usage. Loaded Objects now: 2292.
Total: 2.537192 ms (FindLiveObjects: 0.239574 ms CreateObjectMapping: 0.117022 ms MarkObjects: 2.161656 ms  DeleteObjects: 0.017686 ms)

========================================================================
Received Prepare
Registering precompiled user dll's ...
Registered in 0.000688 seconds.
Begin MonoManager ReloadAssembly
Native extension for OSXStandalone target not found
Refreshing native plugins compatible for Editor in 0.50 ms, found 2 plugins.
Preloading 0 native plugins for Editor in 0.00 ms.
Invoked RoslynAnalysisRunner static constructor.
RoslynAnalysisRunner will not be running.
RoslynAnalysisRunner has terminated.
Mono: successfully reloaded assembly
- Completed reload, in  1.387 seconds
Platform modules already initialized, skipping
Refreshing native plugins compatible for Editor in 0.41 ms, found 2 plugins.
Preloading 0 native plugins for Editor in 0.00 ms.
Unloading 1808 Unused Serialized files (Serialized files now loaded: 0)
System memory in use before: 168.4 MB.
System memory in use after: 168.5 MB.

Unloading 8 unused Assets to reduce memory usage. Loaded Objects now: 2294.
Total: 2.741154 ms (FindLiveObjects: 0.212016 ms CreateObjectMapping: 0.107679 ms MarkObjects: 2.400666 ms  DeleteObjects: 0.018000 ms)

========================================================================
Received Prepare
Registering precompiled user dll's ...
Registered in 0.000684 seconds.
Begin MonoManager ReloadAssembly
Native extension for OSXStandalone target not found
Refreshing native plugins compatible for Editor in 0.55 ms, found 2 plugins.
Preloading 0 native plugins for Editor in 0.00 ms.
Invoked RoslynAnalysisRunner static constructor.
RoslynAnalysisRunner will not be running.
RoslynAnalysisRunner has terminated.
Mono: successfully reloaded assembly
- Completed reload, in  1.434 seconds
Platform modules already initialized, skipping
Refreshing native plugins compatible for Editor in 0.42 ms, found 2 plugins.
Preloading 0 native plugins for Editor in 0.00 ms.
Unloading 1808 Unused Serialized files (Serialized files now loaded: 0)
System memory in use before: 168.7 MB.
System memory in use after: 168.9 MB.

Unloading 8 unused Assets to reduce memory usage. Loaded Objects now: 2296.
Total: 2.615472 ms (FindLiveObjects: 0.265215 ms CreateObjectMapping: 0.102344 ms MarkObjects: 2.223670 ms  DeleteObjects: 0.022408 ms)

========================================================================
Received Prepare
Registering precompiled user dll's ...
Registered in 0.000600 seconds.
Begin MonoManager ReloadAssembly
Native extension for OSXStandalone target not found
Refreshing native plugins compatible for Editor in 0.49 ms, found 2 plugins.
Preloading 0 native plugins for Editor in 0.00 ms.
Invoked RoslynAnalysisRunner static constructor.
RoslynAnalysisRunner will not be running.
RoslynAnalysisRunner has terminated.
Mono: successfully reloaded assembly
- Completed reload, in  1.407 seconds
Platform modules already initialized, skipping
Refreshing native plugins compatible for Editor in 0.39 ms, found 2 plugins.
Preloading 0 native plugins for Editor in 0.00 ms.
Unloading 1808 Unused Serialized files (Serialized files now loaded: 0)
System memory in use before: 169.2 MB.
System memory in use after: 169.3 MB.

Unloading 8 unused Assets to reduce memory usage. Loaded Objects now: 2298.
Total: 2.441525 ms (FindLiveObjects: 0.228405 ms CreateObjectMapping: 0.101376 ms MarkObjects: 2.095268 ms  DeleteObjects: 0.015146 ms)

========================================================================
Received Prepare
Registering precompiled user dll's ...
Registered in 0.000578 seconds.
Begin MonoManager ReloadAssembly
Native extension for OSXStandalone target not found
Refreshing native plugins compatible for Editor in 0.44 ms, found 2 plugins.
Preloading 0 native plugins for Editor in 0.00 ms.
Invoked RoslynAnalysisRunner static constructor.
RoslynAnalysisRunner will not be running.
RoslynAnalysisRunner has terminated.
Mono: successfully reloaded assembly
- Completed reload, in  1.386 seconds
Platform modules already initialized, skipping
Refreshing native plugins compatible for Editor in 0.45 ms, found 2 plugins.
Preloading 0 native plugins for Editor in 0.00 ms.
Unloading 1808 Unused Serialized files (Serialized files now loaded: 0)
System memory in use before: 169.6 MB.
System memory in use after: 169.7 MB.

Unloading 8 unused Assets to reduce memory usage. Loaded Objects now: 2300.
Total: 2.469009 ms (FindLiveObjects: 0.245719 ms CreateObjectMapping: 0.106086 ms MarkObjects: 2.098131 ms  DeleteObjects: 0.017564 ms)

========================================================================
Received Prepare
Registering precompiled user dll's ...
Registered in 0.000752 seconds.
Begin MonoManager ReloadAssembly
Native extension for OSXStandalone target not found
Refreshing native plugins compatible for Editor in 0.46 ms, found 2 plugins.
Preloading 0 native plugins for Editor in 0.00 ms.
Invoked RoslynAnalysisRunner static constructor.
RoslynAnalysisRunner will not be running.
RoslynAnalysisRunner has terminated.
Mono: successfully reloaded assembly
- Completed reload, in  1.923 seconds
Platform modules already initialized, skipping
Refreshing native plugins compatible for Editor in 0.37 ms, found 2 plugins.
Preloading 0 native plugins for Editor in 0.00 ms.
Unloading 1808 Unused Serialized files (Serialized files now loaded: 0)
System memory in use before: 170.0 MB.
System memory in use after: 170.0 MB.

Unloading 8 unused Assets to reduce memory usage. Loaded Objects now: 2302.
Total: 2.614618 ms (FindLiveObjects: 0.216861 ms CreateObjectMapping: 0.175034 ms MarkObjects: 2.202211 ms  DeleteObjects: 0.017622 ms)

