Using pre-set license

 COMMAND LINE ARGUMENTS:
/Applications/Unity/Hub/Editor/2020.2.2f1/Unity.app/Contents/MacOS/Unity
-adb2
-batchMode
-noUpm
-name
AssetImportWorker1
-projectPath
/Users/tvitoux/42/unity/Pisc-unity/d00/ex03
-logFile
Logs/AssetImportWorker1.log
-srvPort
59920
Successfully changed project path to: /Users/tvitoux/42/unity/Pisc-unity/d00/ex03
/Users/tvitoux/42/unity/Pisc-unity/d00/ex03
Using Asset Import Pipeline V2.
Refreshing native plugins compatible for Editor in 29.93 ms, found 1 plugins.
Preloading 0 native plugins for Editor in 0.00 ms.
Initialize engine version: 2020.2.2f1 (068178b99f32)
[Subsystems] Discovering subsystems at path /Applications/Unity/Hub/Editor/2020.2.2f1/Unity.app/Contents/Resources/UnitySubsystems
[Subsystems] Discovering subsystems at path /Users/tvitoux/42/unity/Pisc-unity/d00/ex03/Assets
GfxDevice: creating device client; threaded=0
2021-02-24 19:21:00.226 Unity[12405:464888] iMac preferred device: Intel Iris Pro Graphics (low power)
2021-02-24 19:21:00.226 Unity[12405:464888] Metal devices available: 1
2021-02-24 19:21:00.226 Unity[12405:464888] 0: Intel Iris Pro Graphics (low power)
2021-02-24 19:21:00.227 Unity[12405:464888] Using device Intel Iris Pro Graphics (low power)
Initializing Metal device caps: Intel Iris Pro Graphics
Initialize mono
Mono path[0] = '/Applications/Unity/Hub/Editor/2020.2.2f1/Unity.app/Contents/Managed'
Mono path[1] = '/Applications/Unity/Hub/Editor/2020.2.2f1/Unity.app/Contents/MonoBleedingEdge/lib/mono/unityjit'
Mono config path = '/Applications/Unity/Hub/Editor/2020.2.2f1/Unity.app/Contents/MonoBleedingEdge/etc'
Using monoOptions --debugger-agent=transport=dt_socket,embedding=1,server=y,suspend=n,address=127.0.0.1:56405
Begin MonoManager ReloadAssembly
